[2024-06-14 13:38:13] local.ERROR: View [books.create] not found. {"exception":"[object] (InvalidArgumentException(code: 0): View [books.create] not found. at C:\\xampp\\htdocs\\laravel\\lab1\\ThiPHP3\\vendor\\laravel\\framework\\src\\Illuminate\\View\\FileViewFinder.php:139)
[stacktrace]
#0 C:\\xampp\\htdocs\\laravel\\lab1\\ThiPHP3\\vendor\\laravel\\framework\\src\\Illuminate\\View\\FileViewFinder.php(79): Illuminate\\View\\FileViewFinder->findInPaths('books.create', Array)
#1 C:\\xampp\\htdocs\\laravel\\lab1\\ThiPHP3\\vendor\\laravel\\framework\\src\\Illuminate\\View\\Factory.php(151): Illuminate\\View\\FileViewFinder->find('books.create')
#2 C:\\xampp\\htdocs\\laravel\\lab1\\ThiPHP3\\vendor\\laravel\\framework\\src\\Illuminate\\Foundation\\helpers.php(1040): Illuminate\\View\\Factory->make('books.create', Array, Array)
#3 C:\\xampp\\htdocs\\laravel\\lab1\\ThiPHP3\\app\\Http\\Controllers\\BookController.php(12): view('books.create')
#4 C:\\xampp\\htdocs\\laravel\\lab1\\ThiPHP3\\vendor\\laravel\\framework\\src\\Illuminate\\Routing\\ControllerDispatcher.php(46): App\\Http\\Controllers\\BookController->create()
#5 C:\\xampp\\htdocs\\laravel\\lab1\\ThiPHP3\\vendor\\laravel\\framework\\src\\Illuminate\\Routing\\Route.php(260): Illuminate\\Routing\\ControllerDispatcher->dispatch(Object(Illuminate\\Routing\\Route), Object(App\\Http\\Controllers\\BookController), 'create')
#6 C:\\xampp\\htdocs\\laravel\\lab1\\ThiPHP3\\vendor\\laravel\\framework\\src\\Illuminate\\Routing\\Route.php(206): Illuminate\\Routing\\Route->runController()
#7 C:\\xampp\\htdocs\\laravel\\lab1\\ThiPHP3\\vendor\\laravel\\framework\\src\\Illuminate\\Routing\\Router.php(806): Illuminate\\Routing\\Route->run()
#8 C:\\xampp\\htdocs\\laravel\\lab1\\ThiPHP3\\vendor\\laravel\\framework\\src\\Illuminate\\Pipeline\\Pipeline.php(144): Illuminate\\Routing\\Router->Illuminate\\Routing\\{closure}(Object(Illuminate\\Http\\Request))
#9 C:\\xampp\\htdocs\\laravel\\lab1\\ThiPHP3\\vendor\\laravel\\framework\\src\\Illuminate\\Routing\\Middleware\\SubstituteBindings.php(50): Illuminate\\Pipeline\\Pipeline->Illuminate\\Pipeline\\{closure}(Object(Illuminate\\Http\\Request))
#10 C:\\xampp\\htdocs\\laravel\\lab1\\ThiPHP3\\vendor\\laravel\\framework\\src\\Illuminate\\Pipeline\\Pipeline.php(183): Illuminate\\Routing\\Middleware\\SubstituteBindings->handle(Object(Illuminate\\Http\\Request), Object(Closure))
#11 C:\\xampp\\htdocs\\laravel\\lab1\\ThiPHP3\\vendor\\laravel\\framework\\src\\Illuminate\\Foundation\\Http\\Middleware\\VerifyCsrfToken.php(88): Illuminate\\Pipeline\\Pipeline->Illuminate\\Pipeline\\{closure}(Object(Illuminate\\Http\\Request))
#12 C:\\xampp\\htdocs\\laravel\\lab1\\ThiPHP3\\vendor\\laravel\\framework\\src\\Illuminate\\Pipeline\\Pipeline.php(183): Illuminate\\Foundation\\Http\\Middleware\\VerifyCsrfToken->handle(Object(Illuminate\\Http\\Request), Object(Closure))
#13 C:\\xampp\\htdocs\\laravel\\lab1\\ThiPHP3\\vendor\\laravel\\framework\\src\\Illuminate\\View\\Middleware\\ShareErrorsFromSession.php(49): Illuminate\\Pipeline\\Pipeline->Illuminate\\Pipeline\\{closure}(Object(Illuminate\\Http\\Request))
#14 C:\\xampp\\htdocs\\laravel\\lab1\\ThiPHP3\\vendor\\laravel\\framework\\src\\Illuminate\\Pipeline\\Pipeline.php(183): Illuminate\\View\\Middleware\\ShareErrorsFromSession->handle(Object(Illuminate\\Http\\Request), Object(Closure))
#15 C:\\xampp\\htdocs\\laravel\\lab1\\ThiPHP3\\vendor\\laravel\\framework\\src\\Illuminate\\Session\\Middleware\\StartSession.php(121): Illuminate\\Pipeline\\Pipeline->Illuminate\\Pipeline\\{closure}(Object(Illuminate\\Http\\Request))
#16 C:\\xampp\\htdocs\\laravel\\lab1\\ThiPHP3\\vendor\\laravel\\framework\\src\\Illuminate\\Session\\Middleware\\StartSession.php(64): Illuminate\\Session\\Middleware\\StartSession->handleStatefulRequest(Object(Illuminate\\Http\\Request), Object(Illuminate\\Session\\Store), Object(Closure))
#17 C:\\xampp\\htdocs\\laravel\\lab1\\ThiPHP3\\vendor\\laravel\\framework\\src\\Illuminate\\Pipeline\\Pipeline.php(183): Illuminate\\Session\\Middleware\\StartSession->handle(Object(Illuminate\\Http\\Request), Object(Closure))
#18 C:\\xampp\\htdocs\\laravel\\lab1\\ThiPHP3\\vendor\\laravel\\framework\\src\\Illuminate\\Cookie\\Middleware\\AddQueuedCookiesToResponse.php(37): Illuminate\\Pipeline\\Pipeline->Illuminate\\Pipeline\\{closure}(Object(Illuminate\\Http\\Request))
#19 C:\\xampp\\htdocs\\laravel\\lab1\\ThiPHP3\\vendor\\laravel\\framework\\src\\Illuminate\\Pipeline\\Pipeline.php(183): Illuminate\\Cookie\\Middleware\\AddQueuedCookiesToResponse->handle(Object(Illuminate\\Http\\Request), Object(Closure))
#20 C:\\xampp\\htdocs\\laravel\\lab1\\ThiPHP3\\vendor\\laravel\\framework\\src\\Illuminate\\Cookie\\Middleware\\EncryptCookies.php(75): Illuminate\\Pipeline\\Pipeline->Illuminate\\Pipeline\\{closure}(Object(Illuminate\\Http\\Request))
#21 C:\\xampp\\htdocs\\laravel\\lab1\\ThiPHP3\\vendor\\laravel\\framework\\src\\Illuminate\\Pipeline\\Pipeline.php(183): Illuminate\\Cookie\\Middleware\\EncryptCookies->handle(Object(Illuminate\\Http\\Request), Object(Closure))
#22 C:\\xampp\\htdocs\\laravel\\lab1\\ThiPHP3\\vendor\\laravel\\framework\\src\\Illuminate\\Pipeline\\Pipeline.php(119): Illuminate\\Pipeline\\Pipeline->Illuminate\\Pipeline\\{closure}(Object(Illuminate\\Http\\Request))
#23 C:\\xampp\\htdocs\\laravel\\lab1\\ThiPHP3\\vendor\\laravel\\framework\\src\\Illuminate\\Routing\\Router.php(805): Illuminate\\Pipeline\\Pipeline->then(Object(Closure))
#24 C:\\xampp\\htdocs\\laravel\\lab1\\ThiPHP3\\vendor\\laravel\\framework\\src\\Illuminate\\Routing\\Router.php(784): Illuminate\\Routing\\Router->runRouteWithinStack(Object(Illuminate\\Routing\\Route), Object(Illuminate\\Http\\Request))
#25 C:\\xampp\\htdocs\\laravel\\lab1\\ThiPHP3\\vendor\\laravel\\framework\\src\\Illuminate\\Routing\\Router.php(748): Illuminate\\Routing\\Router->runRoute(Object(Illuminate\\Http\\Request), Object(Illuminate\\Routing\\Route))
#26 C:\\xampp\\htdocs\\laravel\\lab1\\ThiPHP3\\vendor\\laravel\\framework\\src\\Illuminate\\Routing\\Router.php(737): Illuminate\\Routing\\Router->dispatchToRoute(Object(Illuminate\\Http\\Request))
#27 C:\\xampp\\htdocs\\laravel\\lab1\\ThiPHP3\\vendor\\laravel\\framework\\src\\Illuminate\\Foundation\\Http\\Kernel.php(200): Illuminate\\Routing\\Router->dispatch(Object(Illuminate\\Http\\Request))
#28 C:\\xampp\\htdocs\\laravel\\lab1\\ThiPHP3\\vendor\\laravel\\framework\\src\\Illuminate\\Pipeline\\Pipeline.php(144): Illuminate\\Foundation\\Http\\Kernel->Illuminate\\Foundation\\Http\\{closure}(Object(Illuminate\\Http\\Request))
#29 C:\\xampp\\htdocs\\laravel\\lab1\\ThiPHP3\\vendor\\laravel\\framework\\src\\Illuminate\\Foundation\\Http\\Middleware\\TransformsRequest.php(21): Illuminate\\Pipeline\\Pipeline->Illuminate\\Pipeline\\{closure}(Object(Illuminate\\Http\\Request))
#30 C:\\xampp\\htdocs\\laravel\\lab1\\ThiPHP3\\vendor\\laravel\\framework\\src\\Illuminate\\Foundation\\Http\\Middleware\\ConvertEmptyStringsToNull.php(31): Illuminate\\Foundation\\Http\\Middleware\\TransformsRequest->handle(Object(Illuminate\\Http\\Request), Object(Closure))
#31 C:\\xampp\\htdocs\\laravel\\lab1\\ThiPHP3\\vendor\\laravel\\framework\\src\\Illuminate\\Pipeline\\Pipeline.php(183): Illuminate\\Foundation\\Http\\Middleware\\ConvertEmptyStringsToNull->handle(Object(Illuminate\\Http\\Request), Object(Closure))
#32 C:\\xampp\\htdocs\\laravel\\lab1\\ThiPHP3\\vendor\\laravel\\framework\\src\\Illuminate\\Foundation\\Http\\Middleware\\TransformsRequest.php(21): Illuminate\\Pipeline\\Pipeline->Illuminate\\Pipeline\\{closure}(Object(Illuminate\\Http\\Request))
#33 C:\\xampp\\htdocs\\laravel\\lab1\\ThiPHP3\\vendor\\laravel\\framework\\src\\Illuminate\\Foundation\\Http\\Middleware\\TrimStrings.php(51): Illuminate\\Foundation\\Http\\Middleware\\TransformsRequest->handle(Object(Illuminate\\Http\\Request), Object(Closure))
#34 C:\\xampp\\htdocs\\laravel\\lab1\\ThiPHP3\\vendor\\laravel\\framework\\src\\Illuminate\\Pipeline\\Pipeline.php(183): Illuminate\\Foundation\\Http\\Middleware\\TrimStrings->handle(Object(Illuminate\\Http\\Request), Object(Closure))
#35 C:\\xampp\\htdocs\\laravel\\lab1\\ThiPHP3\\vendor\\laravel\\framework\\src\\Illuminate\\Http\\Middleware\\ValidatePostSize.php(27): Illuminate\\Pipeline\\Pipeline->Illuminate\\Pipeline\\{closure}(Object(Illuminate\\Http\\Request))
#36 C:\\xampp\\htdocs\\laravel\\lab1\\ThiPHP3\\vendor\\laravel\\framework\\src\\Illuminate\\Pipeline\\Pipeline.php(183): Illuminate\\Http\\Middleware\\ValidatePostSize->handle(Object(Illuminate\\Http\\Request), Object(Closure))
#37 C:\\xampp\\htdocs\\laravel\\lab1\\ThiPHP3\\vendor\\laravel\\framework\\src\\Illuminate\\Foundation\\Http\\Middleware\\PreventRequestsDuringMaintenance.php(110): Illuminate\\Pipeline\\Pipeline->Illuminate\\Pipeline\\{closure}(Object(Illuminate\\Http\\Request))
#38 C:\\xampp\\htdocs\\laravel\\lab1\\ThiPHP3\\vendor\\laravel\\framework\\src\\Illuminate\\Pipeline\\Pipeline.php(183): Illuminate\\Foundation\\Http\\Middleware\\PreventRequestsDuringMaintenance->handle(Object(Illuminate\\Http\\Request), Object(Closure))
#39 C:\\xampp\\htdocs\\laravel\\lab1\\ThiPHP3\\vendor\\laravel\\framework\\src\\Illuminate\\Http\\Middleware\\HandleCors.php(49): Illuminate\\Pipeline\\Pipeline->Illuminate\\Pipeline\\{closure}(Object(Illuminate\\Http\\Request))
#40 C:\\xampp\\htdocs\\laravel\\lab1\\ThiPHP3\\vendor\\laravel\\framework\\src\\Illuminate\\Pipeline\\Pipeline.php(183): Illuminate\\Http\\Middleware\\HandleCors->handle(Object(Illuminate\\Http\\Request), Object(Closure))
#41 C:\\xampp\\htdocs\\laravel\\lab1\\ThiPHP3\\vendor\\laravel\\framework\\src\\Illuminate\\Http\\Middleware\\TrustProxies.php(57): Illuminate\\Pipeline\\Pipeline->Illuminate\\Pipeline\\{closure}(Object(Illuminate\\Http\\Request))
#42 C:\\xampp\\htdocs\\laravel\\lab1\\ThiPHP3\\vendor\\laravel\\framework\\src\\Illuminate\\Pipeline\\Pipeline.php(183): Illuminate\\Http\\Middleware\\TrustProxies->handle(Object(Illuminate\\Http\\Request), Object(Closure))
#43 C:\\xampp\\htdocs\\laravel\\lab1\\ThiPHP3\\vendor\\laravel\\framework\\src\\Illuminate\\Pipeline\\Pipeline.php(119): Illuminate\\Pipeline\\Pipeline->Illuminate\\Pipeline\\{closure}(Object(Illuminate\\Http\\Request))
#44 C:\\xampp\\htdocs\\laravel\\lab1\\ThiPHP3\\vendor\\laravel\\framework\\src\\Illuminate\\Foundation\\Http\\Kernel.php(175): Illuminate\\Pipeline\\Pipeline->then(Object(Closure))
#45 C:\\xampp\\htdocs\\laravel\\lab1\\ThiPHP3\\vendor\\laravel\\framework\\src\\Illuminate\\Foundation\\Http\\Kernel.php(144): Illuminate\\Foundation\\Http\\Kernel->sendRequestThroughRouter(Object(Illuminate\\Http\\Request))
#46 C:\\xampp\\htdocs\\laravel\\lab1\\ThiPHP3\\vendor\\laravel\\framework\\src\\Illuminate\\Foundation\\Application.php(1183): Illuminate\\Foundation\\Http\\Kernel->handle(Object(Illuminate\\Http\\Request))
#47 C:\\xampp\\htdocs\\laravel\\lab1\\ThiPHP3\\public\\index.php(17): Illuminate\\Foundation\\Application->handleRequest(Object(Illuminate\\Http\\Request))
#48 C:\\xampp\\htdocs\\laravel\\lab1\\ThiPHP3\\vendor\\laravel\\framework\\src\\Illuminate\\Foundation\\resources\\server.php(16): require_once('C:\\\\xampp\\\\htdocs...')
#49 {main}
"} 
[2024-06-14 13:44:44] local.ERROR: Add [title] to fillable property to allow mass assignment on [App\Models\Book]. {"exception":"[object] (Illuminate\\Database\\Eloquent\\MassAssignmentException(code: 0): Add [title] to fillable property to allow mass assignment on [App\\Models\\Book]. at C:\\xampp\\htdocs\\laravel\\lab1\\ThiPHP3\\vendor\\laravel\\framework\\src\\Illuminate\\Database\\Eloquent\\Model.php:525)
[stacktrace]
#0 C:\\xampp\\htdocs\\laravel\\lab1\\ThiPHP3\\vendor\\laravel\\framework\\src\\Illuminate\\Database\\Eloquent\\Model.php(614): Illuminate\\Database\\Eloquent\\Model->fill(Array)
#1 C:\\xampp\\htdocs\\laravel\\lab1\\ThiPHP3\\vendor\\laravel\\framework\\src\\Illuminate\\Database\\Eloquent\\Builder.php(1582): Illuminate\\Database\\Eloquent\\Model->newInstance(Array)
#2 C:\\xampp\\htdocs\\laravel\\lab1\\ThiPHP3\\vendor\\laravel\\framework\\src\\Illuminate\\Database\\Eloquent\\Builder.php(1067): Illuminate\\Database\\Eloquent\\Builder->newModelInstance(Array)
#3 C:\\xampp\\htdocs\\laravel\\lab1\\ThiPHP3\\vendor\\laravel\\framework\\src\\Illuminate\\Support\\Traits\\ForwardsCalls.php(23): Illuminate\\Database\\Eloquent\\Builder->create(Array)
#4 C:\\xampp\\htdocs\\laravel\\lab1\\ThiPHP3\\vendor\\laravel\\framework\\src\\Illuminate\\Database\\Eloquent\\Model.php(2340): Illuminate\\Database\\Eloquent\\Model->forwardCallTo(Object(Illuminate\\Database\\Eloquent\\Builder), 'create', Array)
#5 C:\\xampp\\htdocs\\laravel\\lab1\\ThiPHP3\\vendor\\laravel\\framework\\src\\Illuminate\\Database\\Eloquent\\Model.php(2352): Illuminate\\Database\\Eloquent\\Model->__call('create', Array)
#6 C:\\xampp\\htdocs\\laravel\\lab1\\ThiPHP3\\app\\Http\\Controllers\\BookController.php(29): Illuminate\\Database\\Eloquent\\Model::__callStatic('create', Array)
#7 C:\\xampp\\htdocs\\laravel\\lab1\\ThiPHP3\\vendor\\laravel\\framework\\src\\Illuminate\\Routing\\ControllerDispatcher.php(46): App\\Http\\Controllers\\BookController->store(Object(Illuminate\\Http\\Request))
#8 C:\\xampp\\htdocs\\laravel\\lab1\\ThiPHP3\\vendor\\laravel\\framework\\src\\Illuminate\\Routing\\Route.php(260): Illuminate\\Routing\\ControllerDispatcher->dispatch(Object(Illuminate\\Routing\\Route), Object(App\\Http\\Controllers\\BookController), 'store')
#9 C:\\xampp\\htdocs\\laravel\\lab1\\ThiPHP3\\vendor\\laravel\\framework\\src\\Illuminate\\Routing\\Route.php(206): Illuminate\\Routing\\Route->runController()
#10 C:\\xampp\\htdocs\\laravel\\lab1\\ThiPHP3\\vendor\\laravel\\framework\\src\\Illuminate\\Routing\\Router.php(806): Illuminate\\Routing\\Route->run()
#11 C:\\xampp\\htdocs\\laravel\\lab1\\ThiPHP3\\vendor\\laravel\\framework\\src\\Illuminate\\Pipeline\\Pipeline.php(144): Illuminate\\Routing\\Router->Illuminate\\Routing\\{closure}(Object(Illuminate\\Http\\Request))
#12 C:\\xampp\\htdocs\\laravel\\lab1\\ThiPHP3\\vendor\\laravel\\framework\\src\\Illuminate\\Routing\\Middleware\\SubstituteBindings.php(50): Illuminate\\Pipeline\\Pipeline->Illuminate\\Pipeline\\{closure}(Object(Illuminate\\Http\\Request))
#13 C:\\xampp\\htdocs\\laravel\\lab1\\ThiPHP3\\vendor\\laravel\\framework\\src\\Illuminate\\Pipeline\\Pipeline.php(183): Illuminate\\Routing\\Middleware\\SubstituteBindings->handle(Object(Illuminate\\Http\\Request), Object(Closure))
#14 C:\\xampp\\htdocs\\laravel\\lab1\\ThiPHP3\\vendor\\laravel\\framework\\src\\Illuminate\\Foundation\\Http\\Middleware\\VerifyCsrfToken.php(88): Illuminate\\Pipeline\\Pipeline->Illuminate\\Pipeline\\{closure}(Object(Illuminate\\Http\\Request))
#15 C:\\xampp\\htdocs\\laravel\\lab1\\ThiPHP3\\vendor\\laravel\\framework\\src\\Illuminate\\Pipeline\\Pipeline.php(183): Illuminate\\Foundation\\Http\\Middleware\\VerifyCsrfToken->handle(Object(Illuminate\\Http\\Request), Object(Closure))
#16 C:\\xampp\\htdocs\\laravel\\lab1\\ThiPHP3\\vendor\\laravel\\framework\\src\\Illuminate\\View\\Middleware\\ShareErrorsFromSession.php(49): Illuminate\\Pipeline\\Pipeline->Illuminate\\Pipeline\\{closure}(Object(Illuminate\\Http\\Request))
#17 C:\\xampp\\htdocs\\laravel\\lab1\\ThiPHP3\\vendor\\laravel\\framework\\src\\Illuminate\\Pipeline\\Pipeline.php(183): Illuminate\\View\\Middleware\\ShareErrorsFromSession->handle(Object(Illuminate\\Http\\Request), Object(Closure))
#18 C:\\xampp\\htdocs\\laravel\\lab1\\ThiPHP3\\vendor\\laravel\\framework\\src\\Illuminate\\Session\\Middleware\\StartSession.php(121): Illuminate\\Pipeline\\Pipeline->Illuminate\\Pipeline\\{closure}(Object(Illuminate\\Http\\Request))
#19 C:\\xampp\\htdocs\\laravel\\lab1\\ThiPHP3\\vendor\\laravel\\framework\\src\\Illuminate\\Session\\Middleware\\StartSession.php(64): Illuminate\\Session\\Middleware\\StartSession->handleStatefulRequest(Object(Illuminate\\Http\\Request), Object(Illuminate\\Session\\Store), Object(Closure))
#20 C:\\xampp\\htdocs\\laravel\\lab1\\ThiPHP3\\vendor\\laravel\\framework\\src\\Illuminate\\Pipeline\\Pipeline.php(183): Illuminate\\Session\\Middleware\\StartSession->handle(Object(Illuminate\\Http\\Request), Object(Closure))
#21 C:\\xampp\\htdocs\\laravel\\lab1\\ThiPHP3\\vendor\\laravel\\framework\\src\\Illuminate\\Cookie\\Middleware\\AddQueuedCookiesToResponse.php(37): Illuminate\\Pipeline\\Pipeline->Illuminate\\Pipeline\\{closure}(Object(Illuminate\\Http\\Request))
#22 C:\\xampp\\htdocs\\laravel\\lab1\\ThiPHP3\\vendor\\laravel\\framework\\src\\Illuminate\\Pipeline\\Pipeline.php(183): Illuminate\\Cookie\\Middleware\\AddQueuedCookiesToResponse->handle(Object(Illuminate\\Http\\Request), Object(Closure))
#23 C:\\xampp\\htdocs\\laravel\\lab1\\ThiPHP3\\vendor\\laravel\\framework\\src\\Illuminate\\Cookie\\Middleware\\EncryptCookies.php(75): Illuminate\\Pipeline\\Pipeline->Illuminate\\Pipeline\\{closure}(Object(Illuminate\\Http\\Request))
#24 C:\\xampp\\htdocs\\laravel\\lab1\\ThiPHP3\\vendor\\laravel\\framework\\src\\Illuminate\\Pipeline\\Pipeline.php(183): Illuminate\\Cookie\\Middleware\\EncryptCookies->handle(Object(Illuminate\\Http\\Request), Object(Closure))
#25 C:\\xampp\\htdocs\\laravel\\lab1\\ThiPHP3\\vendor\\laravel\\framework\\src\\Illuminate\\Pipeline\\Pipeline.php(119): Illuminate\\Pipeline\\Pipeline->Illuminate\\Pipeline\\{closure}(Object(Illuminate\\Http\\Request))
#26 C:\\xampp\\htdocs\\laravel\\lab1\\ThiPHP3\\vendor\\laravel\\framework\\src\\Illuminate\\Routing\\Router.php(805): Illuminate\\Pipeline\\Pipeline->then(Object(Closure))
#27 C:\\xampp\\htdocs\\laravel\\lab1\\ThiPHP3\\vendor\\laravel\\framework\\src\\Illuminate\\Routing\\Router.php(784): Illuminate\\Routing\\Router->runRouteWithinStack(Object(Illuminate\\Routing\\Route), Object(Illuminate\\Http\\Request))
#28 C:\\xampp\\htdocs\\laravel\\lab1\\ThiPHP3\\vendor\\laravel\\framework\\src\\Illuminate\\Routing\\Router.php(748): Illuminate\\Routing\\Router->runRoute(Object(Illuminate\\Http\\Request), Object(Illuminate\\Routing\\Route))
#29 C:\\xampp\\htdocs\\laravel\\lab1\\ThiPHP3\\vendor\\laravel\\framework\\src\\Illuminate\\Routing\\Router.php(737): Illuminate\\Routing\\Router->dispatchToRoute(Object(Illuminate\\Http\\Request))
#30 C:\\xampp\\htdocs\\laravel\\lab1\\ThiPHP3\\vendor\\laravel\\framework\\src\\Illuminate\\Foundation\\Http\\Kernel.php(200): Illuminate\\Routing\\Router->dispatch(Object(Illuminate\\Http\\Request))
#31 C:\\xampp\\htdocs\\laravel\\lab1\\ThiPHP3\\vendor\\laravel\\framework\\src\\Illuminate\\Pipeline\\Pipeline.php(144): Illuminate\\Foundation\\Http\\Kernel->Illuminate\\Foundation\\Http\\{closure}(Object(Illuminate\\Http\\Request))
#32 C:\\xampp\\htdocs\\laravel\\lab1\\ThiPHP3\\vendor\\laravel\\framework\\src\\Illuminate\\Foundation\\Http\\Middleware\\TransformsRequest.php(21): Illuminate\\Pipeline\\Pipeline->Illuminate\\Pipeline\\{closure}(Object(Illuminate\\Http\\Request))
#33 C:\\xampp\\htdocs\\laravel\\lab1\\ThiPHP3\\vendor\\laravel\\framework\\src\\Illuminate\\Foundation\\Http\\Middleware\\ConvertEmptyStringsToNull.php(31): Illuminate\\Foundation\\Http\\Middleware\\TransformsRequest->handle(Object(Illuminate\\Http\\Request), Object(Closure))
#34 C:\\xampp\\htdocs\\laravel\\lab1\\ThiPHP3\\vendor\\laravel\\framework\\src\\Illuminate\\Pipeline\\Pipeline.php(183): Illuminate\\Foundation\\Http\\Middleware\\ConvertEmptyStringsToNull->handle(Object(Illuminate\\Http\\Request), Object(Closure))
#35 C:\\xampp\\htdocs\\laravel\\lab1\\ThiPHP3\\vendor\\laravel\\framework\\src\\Illuminate\\Foundation\\Http\\Middleware\\TransformsRequest.php(21): Illuminate\\Pipeline\\Pipeline->Illuminate\\Pipeline\\{closure}(Object(Illuminate\\Http\\Request))
#36 C:\\xampp\\htdocs\\laravel\\lab1\\ThiPHP3\\vendor\\laravel\\framework\\src\\Illuminate\\Foundation\\Http\\Middleware\\TrimStrings.php(51): Illuminate\\Foundation\\Http\\Middleware\\TransformsRequest->handle(Object(Illuminate\\Http\\Request), Object(Closure))
#37 C:\\xampp\\htdocs\\laravel\\lab1\\ThiPHP3\\vendor\\laravel\\framework\\src\\Illuminate\\Pipeline\\Pipeline.php(183): Illuminate\\Foundation\\Http\\Middleware\\TrimStrings->handle(Object(Illuminate\\Http\\Request), Object(Closure))
#38 C:\\xampp\\htdocs\\laravel\\lab1\\ThiPHP3\\vendor\\laravel\\framework\\src\\Illuminate\\Http\\Middleware\\ValidatePostSize.php(27): Illuminate\\Pipeline\\Pipeline->Illuminate\\Pipeline\\{closure}(Object(Illuminate\\Http\\Request))
#39 C:\\xampp\\htdocs\\laravel\\lab1\\ThiPHP3\\vendor\\laravel\\framework\\src\\Illuminate\\Pipeline\\Pipeline.php(183): Illuminate\\Http\\Middleware\\ValidatePostSize->handle(Object(Illuminate\\Http\\Request), Object(Closure))
#40 C:\\xampp\\htdocs\\laravel\\lab1\\ThiPHP3\\vendor\\laravel\\framework\\src\\Illuminate\\Foundation\\Http\\Middleware\\PreventRequestsDuringMaintenance.php(110): Illuminate\\Pipeline\\Pipeline->Illuminate\\Pipeline\\{closure}(Object(Illuminate\\Http\\Request))
#41 C:\\xampp\\htdocs\\laravel\\lab1\\ThiPHP3\\vendor\\laravel\\framework\\src\\Illuminate\\Pipeline\\Pipeline.php(183): Illuminate\\Foundation\\Http\\Middleware\\PreventRequestsDuringMaintenance->handle(Object(Illuminate\\Http\\Request), Object(Closure))
#42 C:\\xampp\\htdocs\\laravel\\lab1\\ThiPHP3\\vendor\\laravel\\framework\\src\\Illuminate\\Http\\Middleware\\HandleCors.php(49): Illuminate\\Pipeline\\Pipeline->Illuminate\\Pipeline\\{closure}(Object(Illuminate\\Http\\Request))
#43 C:\\xampp\\htdocs\\laravel\\lab1\\ThiPHP3\\vendor\\laravel\\framework\\src\\Illuminate\\Pipeline\\Pipeline.php(183): Illuminate\\Http\\Middleware\\HandleCors->handle(Object(Illuminate\\Http\\Request), Object(Closure))
#44 C:\\xampp\\htdocs\\laravel\\lab1\\ThiPHP3\\vendor\\laravel\\framework\\src\\Illuminate\\Http\\Middleware\\TrustProxies.php(57): Illuminate\\Pipeline\\Pipeline->Illuminate\\Pipeline\\{closure}(Object(Illuminate\\Http\\Request))
#45 C:\\xampp\\htdocs\\laravel\\lab1\\ThiPHP3\\vendor\\laravel\\framework\\src\\Illuminate\\Pipeline\\Pipeline.php(183): Illuminate\\Http\\Middleware\\TrustProxies->handle(Object(Illuminate\\Http\\Request), Object(Closure))
#46 C:\\xampp\\htdocs\\laravel\\lab1\\ThiPHP3\\vendor\\laravel\\framework\\src\\Illuminate\\Pipeline\\Pipeline.php(119): Illuminate\\Pipeline\\Pipeline->Illuminate\\Pipeline\\{closure}(Object(Illuminate\\Http\\Request))
#47 C:\\xampp\\htdocs\\laravel\\lab1\\ThiPHP3\\vendor\\laravel\\framework\\src\\Illuminate\\Foundation\\Http\\Kernel.php(175): Illuminate\\Pipeline\\Pipeline->then(Object(Closure))
#48 C:\\xampp\\htdocs\\laravel\\lab1\\ThiPHP3\\vendor\\laravel\\framework\\src\\Illuminate\\Foundation\\Http\\Kernel.php(144): Illuminate\\Foundation\\Http\\Kernel->sendRequestThroughRouter(Object(Illuminate\\Http\\Request))
#49 C:\\xampp\\htdocs\\laravel\\lab1\\ThiPHP3\\vendor\\laravel\\framework\\src\\Illuminate\\Foundation\\Application.php(1183): Illuminate\\Foundation\\Http\\Kernel->handle(Object(Illuminate\\Http\\Request))
#50 C:\\xampp\\htdocs\\laravel\\lab1\\ThiPHP3\\public\\index.php(17): Illuminate\\Foundation\\Application->handleRequest(Object(Illuminate\\Http\\Request))
#51 C:\\xampp\\htdocs\\laravel\\lab1\\ThiPHP3\\vendor\\laravel\\framework\\src\\Illuminate\\Foundation\\resources\\server.php(16): require_once('C:\\\\xampp\\\\htdocs...')
#52 {main}
"} 
[2024-06-14 13:54:20] local.ERROR: Database connection [sql] not configured. {"exception":"[object] (InvalidArgumentException(code: 0): Database connection [sql] not configured. at C:\\xampp\\htdocs\\laravel\\lab1\\ThiPHP3\\vendor\\laravel\\framework\\src\\Illuminate\\Database\\DatabaseManager.php:188)
[stacktrace]
#0 C:\\xampp\\htdocs\\laravel\\lab1\\ThiPHP3\\vendor\\laravel\\framework\\src\\Illuminate\\Database\\DatabaseManager.php(151): Illuminate\\Database\\DatabaseManager->configuration('sql')
#1 C:\\xampp\\htdocs\\laravel\\lab1\\ThiPHP3\\vendor\\laravel\\framework\\src\\Illuminate\\Database\\DatabaseManager.php(93): Illuminate\\Database\\DatabaseManager->makeConnection('sql')
#2 C:\\xampp\\htdocs\\laravel\\lab1\\ThiPHP3\\vendor\\laravel\\framework\\src\\Illuminate\\Cache\\CacheManager.php(214): Illuminate\\Database\\DatabaseManager->connection('sql')
#3 C:\\xampp\\htdocs\\laravel\\lab1\\ThiPHP3\\vendor\\laravel\\framework\\src\\Illuminate\\Cache\\CacheManager.php(100): Illuminate\\Cache\\CacheManager->createDatabaseDriver(Array)
#4 C:\\xampp\\htdocs\\laravel\\lab1\\ThiPHP3\\vendor\\laravel\\framework\\src\\Illuminate\\Cache\\CacheManager.php(61): Illuminate\\Cache\\CacheManager->resolve('database')
#5 C:\\xampp\\htdocs\\laravel\\lab1\\ThiPHP3\\vendor\\laravel\\framework\\src\\Illuminate\\Cache\\CacheManager.php(72): Illuminate\\Cache\\CacheManager->store('database')
#6 C:\\xampp\\htdocs\\laravel\\lab1\\ThiPHP3\\vendor\\laravel\\framework\\src\\Illuminate\\Cache\\CacheServiceProvider.php(23): Illuminate\\Cache\\CacheManager->driver()
#7 C:\\xampp\\htdocs\\laravel\\lab1\\ThiPHP3\\vendor\\laravel\\framework\\src\\Illuminate\\Container\\Container.php(900): Illuminate\\Cache\\CacheServiceProvider->Illuminate\\Cache\\{closure}(Object(Illuminate\\Foundation\\Application), Array)
#8 C:\\xampp\\htdocs\\laravel\\lab1\\ThiPHP3\\vendor\\laravel\\framework\\src\\Illuminate\\Container\\Container.php(787): Illuminate\\Container\\Container->build(Object(Closure))
#9 C:\\xampp\\htdocs\\laravel\\lab1\\ThiPHP3\\vendor\\laravel\\framework\\src\\Illuminate\\Foundation\\Application.php(1041): Illuminate\\Container\\Container->resolve('cache.store', Array, true)
#10 C:\\xampp\\htdocs\\laravel\\lab1\\ThiPHP3\\vendor\\laravel\\framework\\src\\Illuminate\\Container\\Container.php(723): Illuminate\\Foundation\\Application->resolve('cache.store', Array)
#11 C:\\xampp\\htdocs\\laravel\\lab1\\ThiPHP3\\vendor\\laravel\\framework\\src\\Illuminate\\Foundation\\Application.php(1026): Illuminate\\Container\\Container->make('cache.store', Array)
#12 C:\\xampp\\htdocs\\laravel\\lab1\\ThiPHP3\\vendor\\laravel\\framework\\src\\Illuminate\\Container\\Container.php(1446): Illuminate\\Foundation\\Application->make('cache.store')
#13 C:\\xampp\\htdocs\\laravel\\lab1\\ThiPHP3\\vendor\\laravel\\framework\\src\\Illuminate\\Foundation\\Providers\\ArtisanServiceProvider.php(681): Illuminate\\Container\\Container->offsetGet('cache.store')
#14 C:\\xampp\\htdocs\\laravel\\lab1\\ThiPHP3\\vendor\\laravel\\framework\\src\\Illuminate\\Container\\Container.php(900): Illuminate\\Foundation\\Providers\\ArtisanServiceProvider->Illuminate\\Foundation\\Providers\\{closure}(Object(Illuminate\\Foundation\\Application), Array)
#15 C:\\xampp\\htdocs\\laravel\\lab1\\ThiPHP3\\vendor\\laravel\\framework\\src\\Illuminate\\Container\\Container.php(787): Illuminate\\Container\\Container->build(Object(Closure))
#16 C:\\xampp\\htdocs\\laravel\\lab1\\ThiPHP3\\vendor\\laravel\\framework\\src\\Illuminate\\Foundation\\Application.php(1041): Illuminate\\Container\\Container->resolve('Illuminate\\\\Queu...', Array, true)
#17 C:\\xampp\\htdocs\\laravel\\lab1\\ThiPHP3\\vendor\\laravel\\framework\\src\\Illuminate\\Container\\Container.php(734): Illuminate\\Foundation\\Application->resolve('Illuminate\\\\Queu...')
#18 C:\\xampp\\htdocs\\laravel\\lab1\\ThiPHP3\\vendor\\laravel\\framework\\src\\Illuminate\\Console\\ContainerCommandLoader.php(53): Illuminate\\Container\\Container->get('Illuminate\\\\Queu...')
#19 C:\\xampp\\htdocs\\laravel\\lab1\\ThiPHP3\\vendor\\symfony\\console\\Application.php(584): Illuminate\\Console\\ContainerCommandLoader->get('queue:restart')
#20 C:\\xampp\\htdocs\\laravel\\lab1\\ThiPHP3\\vendor\\symfony\\console\\Application.php(774): Symfony\\Component\\Console\\Application->has('queue:restart')
#21 C:\\xampp\\htdocs\\laravel\\lab1\\ThiPHP3\\vendor\\symfony\\console\\Descriptor\\ApplicationDescription.php(84): Symfony\\Component\\Console\\Application->all(NULL)
#22 C:\\xampp\\htdocs\\laravel\\lab1\\ThiPHP3\\vendor\\symfony\\console\\Descriptor\\ApplicationDescription.php(61): Symfony\\Component\\Console\\Descriptor\\ApplicationDescription->inspectApplication()
#23 C:\\xampp\\htdocs\\laravel\\lab1\\ThiPHP3\\vendor\\symfony\\console\\Descriptor\\TextDescriptor.php(185): Symfony\\Component\\Console\\Descriptor\\ApplicationDescription->getCommands()
#24 C:\\xampp\\htdocs\\laravel\\lab1\\ThiPHP3\\vendor\\symfony\\console\\Descriptor\\Descriptor.php(40): Symfony\\Component\\Console\\Descriptor\\TextDescriptor->describeApplication(Object(Illuminate\\Console\\Application), Array)
#25 C:\\xampp\\htdocs\\laravel\\lab1\\ThiPHP3\\vendor\\symfony\\console\\Helper\\DescriptorHelper.php(67): Symfony\\Component\\Console\\Descriptor\\Descriptor->describe(Object(Symfony\\Component\\Console\\Output\\ConsoleOutput), Object(Illuminate\\Console\\Application), Array)
#26 C:\\xampp\\htdocs\\laravel\\lab1\\ThiPHP3\\vendor\\symfony\\console\\Command\\ListCommand.php(63): Symfony\\Component\\Console\\Helper\\DescriptorHelper->describe(Object(Symfony\\Component\\Console\\Output\\ConsoleOutput), Object(Illuminate\\Console\\Application), Array)
#27 C:\\xampp\\htdocs\\laravel\\lab1\\ThiPHP3\\vendor\\symfony\\console\\Command\\Command.php(279): Symfony\\Component\\Console\\Command\\ListCommand->execute(Object(Symfony\\Component\\Console\\Input\\ArgvInput), Object(Symfony\\Component\\Console\\Output\\ConsoleOutput))
#28 C:\\xampp\\htdocs\\laravel\\lab1\\ThiPHP3\\vendor\\symfony\\console\\Application.php(1047): Symfony\\Component\\Console\\Command\\Command->run(Object(Symfony\\Component\\Console\\Input\\ArgvInput), Object(Symfony\\Component\\Console\\Output\\ConsoleOutput))
#29 C:\\xampp\\htdocs\\laravel\\lab1\\ThiPHP3\\vendor\\symfony\\console\\Application.php(316): Symfony\\Component\\Console\\Application->doRunCommand(Object(Symfony\\Component\\Console\\Command\\ListCommand), Object(Symfony\\Component\\Console\\Input\\ArgvInput), Object(Symfony\\Component\\Console\\Output\\ConsoleOutput))
#30 C:\\xampp\\htdocs\\laravel\\lab1\\ThiPHP3\\vendor\\symfony\\console\\Application.php(167): Symfony\\Component\\Console\\Application->doRun(Object(Symfony\\Component\\Console\\Input\\ArgvInput), Object(Symfony\\Component\\Console\\Output\\ConsoleOutput))
#31 C:\\xampp\\htdocs\\laravel\\lab1\\ThiPHP3\\vendor\\laravel\\framework\\src\\Illuminate\\Foundation\\Console\\Kernel.php(196): Symfony\\Component\\Console\\Application->run(Object(Symfony\\Component\\Console\\Input\\ArgvInput), Object(Symfony\\Component\\Console\\Output\\ConsoleOutput))
#32 Command line code(1): Illuminate\\Foundation\\Console\\Kernel->handle(Object(Symfony\\Component\\Console\\Input\\ArgvInput), Object(Symfony\\Component\\Console\\Output\\ConsoleOutput))
#33 {main}
"} 
[2024-06-14 13:54:21] local.ERROR: Database connection [sql] not configured. {"exception":"[object] (InvalidArgumentException(code: 0): Database connection [sql] not configured. at C:\\xampp\\htdocs\\laravel\\lab1\\ThiPHP3\\vendor\\laravel\\framework\\src\\Illuminate\\Database\\DatabaseManager.php:188)
[stacktrace]
#0 C:\\xampp\\htdocs\\laravel\\lab1\\ThiPHP3\\vendor\\laravel\\framework\\src\\Illuminate\\Database\\DatabaseManager.php(151): Illuminate\\Database\\DatabaseManager->configuration('sql')
#1 C:\\xampp\\htdocs\\laravel\\lab1\\ThiPHP3\\vendor\\laravel\\framework\\src\\Illuminate\\Database\\DatabaseManager.php(93): Illuminate\\Database\\DatabaseManager->makeConnection('sql')
#2 C:\\xampp\\htdocs\\laravel\\lab1\\ThiPHP3\\vendor\\laravel\\framework\\src\\Illuminate\\Cache\\CacheManager.php(214): Illuminate\\Database\\DatabaseManager->connection('sql')
#3 C:\\xampp\\htdocs\\laravel\\lab1\\ThiPHP3\\vendor\\laravel\\framework\\src\\Illuminate\\Cache\\CacheManager.php(100): Illuminate\\Cache\\CacheManager->createDatabaseDriver(Array)
#4 C:\\xampp\\htdocs\\laravel\\lab1\\ThiPHP3\\vendor\\laravel\\framework\\src\\Illuminate\\Cache\\CacheManager.php(61): Illuminate\\Cache\\CacheManager->resolve('database')
#5 C:\\xampp\\htdocs\\laravel\\lab1\\ThiPHP3\\vendor\\laravel\\framework\\src\\Illuminate\\Cache\\CacheManager.php(72): Illuminate\\Cache\\CacheManager->store('database')
#6 C:\\xampp\\htdocs\\laravel\\lab1\\ThiPHP3\\vendor\\laravel\\framework\\src\\Illuminate\\Cache\\CacheServiceProvider.php(23): Illuminate\\Cache\\CacheManager->driver()
#7 C:\\xampp\\htdocs\\laravel\\lab1\\ThiPHP3\\vendor\\laravel\\framework\\src\\Illuminate\\Container\\Container.php(900): Illuminate\\Cache\\CacheServiceProvider->Illuminate\\Cache\\{closure}(Object(Illuminate\\Foundation\\Application), Array)
#8 C:\\xampp\\htdocs\\laravel\\lab1\\ThiPHP3\\vendor\\laravel\\framework\\src\\Illuminate\\Container\\Container.php(787): Illuminate\\Container\\Container->build(Object(Closure))
#9 C:\\xampp\\htdocs\\laravel\\lab1\\ThiPHP3\\vendor\\laravel\\framework\\src\\Illuminate\\Foundation\\Application.php(1041): Illuminate\\Container\\Container->resolve('cache.store', Array, true)
#10 C:\\xampp\\htdocs\\laravel\\lab1\\ThiPHP3\\vendor\\laravel\\framework\\src\\Illuminate\\Container\\Container.php(723): Illuminate\\Foundation\\Application->resolve('cache.store', Array)
#11 C:\\xampp\\htdocs\\laravel\\lab1\\ThiPHP3\\vendor\\laravel\\framework\\src\\Illuminate\\Foundation\\Application.php(1026): Illuminate\\Container\\Container->make('cache.store', Array)
#12 C:\\xampp\\htdocs\\laravel\\lab1\\ThiPHP3\\vendor\\laravel\\framework\\src\\Illuminate\\Container\\Container.php(1446): Illuminate\\Foundation\\Application->make('cache.store')
#13 C:\\xampp\\htdocs\\laravel\\lab1\\ThiPHP3\\vendor\\laravel\\framework\\src\\Illuminate\\Foundation\\Providers\\ArtisanServiceProvider.php(681): Illuminate\\Container\\Container->offsetGet('cache.store')
#14 C:\\xampp\\htdocs\\laravel\\lab1\\ThiPHP3\\vendor\\laravel\\framework\\src\\Illuminate\\Container\\Container.php(900): Illuminate\\Foundation\\Providers\\ArtisanServiceProvider->Illuminate\\Foundation\\Providers\\{closure}(Object(Illuminate\\Foundation\\Application), Array)
#15 C:\\xampp\\htdocs\\laravel\\lab1\\ThiPHP3\\vendor\\laravel\\framework\\src\\Illuminate\\Container\\Container.php(787): Illuminate\\Container\\Container->build(Object(Closure))
#16 C:\\xampp\\htdocs\\laravel\\lab1\\ThiPHP3\\vendor\\laravel\\framework\\src\\Illuminate\\Foundation\\Application.php(1041): Illuminate\\Container\\Container->resolve('Illuminate\\\\Queu...', Array, true)
#17 C:\\xampp\\htdocs\\laravel\\lab1\\ThiPHP3\\vendor\\laravel\\framework\\src\\Illuminate\\Container\\Container.php(734): Illuminate\\Foundation\\Application->resolve('Illuminate\\\\Queu...')
#18 C:\\xampp\\htdocs\\laravel\\lab1\\ThiPHP3\\vendor\\laravel\\framework\\src\\Illuminate\\Console\\ContainerCommandLoader.php(53): Illuminate\\Container\\Container->get('Illuminate\\\\Queu...')
#19 C:\\xampp\\htdocs\\laravel\\lab1\\ThiPHP3\\vendor\\symfony\\console\\Application.php(584): Illuminate\\Console\\ContainerCommandLoader->get('queue:restart')
#20 C:\\xampp\\htdocs\\laravel\\lab1\\ThiPHP3\\vendor\\symfony\\console\\Application.php(774): Symfony\\Component\\Console\\Application->has('queue:restart')
#21 C:\\xampp\\htdocs\\laravel\\lab1\\ThiPHP3\\vendor\\symfony\\console\\Descriptor\\ApplicationDescription.php(84): Symfony\\Component\\Console\\Application->all(NULL)
#22 C:\\xampp\\htdocs\\laravel\\lab1\\ThiPHP3\\vendor\\symfony\\console\\Descriptor\\ApplicationDescription.php(61): Symfony\\Component\\Console\\Descriptor\\ApplicationDescription->inspectApplication()
#23 C:\\xampp\\htdocs\\laravel\\lab1\\ThiPHP3\\vendor\\symfony\\console\\Descriptor\\TextDescriptor.php(185): Symfony\\Component\\Console\\Descriptor\\ApplicationDescription->getCommands()
#24 C:\\xampp\\htdocs\\laravel\\lab1\\ThiPHP3\\vendor\\symfony\\console\\Descriptor\\Descriptor.php(40): Symfony\\Component\\Console\\Descriptor\\TextDescriptor->describeApplication(Object(Illuminate\\Console\\Application), Array)
#25 C:\\xampp\\htdocs\\laravel\\lab1\\ThiPHP3\\vendor\\symfony\\console\\Helper\\DescriptorHelper.php(67): Symfony\\Component\\Console\\Descriptor\\Descriptor->describe(Object(Symfony\\Component\\Console\\Output\\ConsoleOutput), Object(Illuminate\\Console\\Application), Array)
#26 C:\\xampp\\htdocs\\laravel\\lab1\\ThiPHP3\\vendor\\symfony\\console\\Command\\ListCommand.php(63): Symfony\\Component\\Console\\Helper\\DescriptorHelper->describe(Object(Symfony\\Component\\Console\\Output\\ConsoleOutput), Object(Illuminate\\Console\\Application), Array)
#27 C:\\xampp\\htdocs\\laravel\\lab1\\ThiPHP3\\vendor\\symfony\\console\\Command\\Command.php(279): Symfony\\Component\\Console\\Command\\ListCommand->execute(Object(Symfony\\Component\\Console\\Input\\ArgvInput), Object(Symfony\\Component\\Console\\Output\\ConsoleOutput))
#28 C:\\xampp\\htdocs\\laravel\\lab1\\ThiPHP3\\vendor\\symfony\\console\\Application.php(1047): Symfony\\Component\\Console\\Command\\Command->run(Object(Symfony\\Component\\Console\\Input\\ArgvInput), Object(Symfony\\Component\\Console\\Output\\ConsoleOutput))
#29 C:\\xampp\\htdocs\\laravel\\lab1\\ThiPHP3\\vendor\\symfony\\console\\Application.php(316): Symfony\\Component\\Console\\Application->doRunCommand(Object(Symfony\\Component\\Console\\Command\\ListCommand), Object(Symfony\\Component\\Console\\Input\\ArgvInput), Object(Symfony\\Component\\Console\\Output\\ConsoleOutput))
#30 C:\\xampp\\htdocs\\laravel\\lab1\\ThiPHP3\\vendor\\symfony\\console\\Application.php(167): Symfony\\Component\\Console\\Application->doRun(Object(Symfony\\Component\\Console\\Input\\ArgvInput), Object(Symfony\\Component\\Console\\Output\\ConsoleOutput))
#31 C:\\xampp\\htdocs\\laravel\\lab1\\ThiPHP3\\vendor\\laravel\\framework\\src\\Illuminate\\Foundation\\Console\\Kernel.php(196): Symfony\\Component\\Console\\Application->run(Object(Symfony\\Component\\Console\\Input\\ArgvInput), Object(Symfony\\Component\\Console\\Output\\ConsoleOutput))
#32 Command line code(1): Illuminate\\Foundation\\Console\\Kernel->handle(Object(Symfony\\Component\\Console\\Input\\ArgvInput), Object(Symfony\\Component\\Console\\Output\\ConsoleOutput))
#33 {main}
"} 
[2024-06-14 13:54:21] local.ERROR: Database connection [sql] not configured. {"exception":"[object] (InvalidArgumentException(code: 0): Database connection [sql] not configured. at C:\\xampp\\htdocs\\laravel\\lab1\\ThiPHP3\\vendor\\laravel\\framework\\src\\Illuminate\\Database\\DatabaseManager.php:188)
[stacktrace]
#0 C:\\xampp\\htdocs\\laravel\\lab1\\ThiPHP3\\vendor\\laravel\\framework\\src\\Illuminate\\Database\\DatabaseManager.php(151): Illuminate\\Database\\DatabaseManager->configuration('sql')
#1 C:\\xampp\\htdocs\\laravel\\lab1\\ThiPHP3\\vendor\\laravel\\framework\\src\\Illuminate\\Database\\DatabaseManager.php(93): Illuminate\\Database\\DatabaseManager->makeConnection('sql')
#2 C:\\xampp\\htdocs\\laravel\\lab1\\ThiPHP3\\vendor\\laravel\\framework\\src\\Illuminate\\Cache\\CacheManager.php(214): Illuminate\\Database\\DatabaseManager->connection('sql')
#3 C:\\xampp\\htdocs\\laravel\\lab1\\ThiPHP3\\vendor\\laravel\\framework\\src\\Illuminate\\Cache\\CacheManager.php(100): Illuminate\\Cache\\CacheManager->createDatabaseDriver(Array)
#4 C:\\xampp\\htdocs\\laravel\\lab1\\ThiPHP3\\vendor\\laravel\\framework\\src\\Illuminate\\Cache\\CacheManager.php(61): Illuminate\\Cache\\CacheManager->resolve('database')
#5 C:\\xampp\\htdocs\\laravel\\lab1\\ThiPHP3\\vendor\\laravel\\framework\\src\\Illuminate\\Cache\\CacheManager.php(72): Illuminate\\Cache\\CacheManager->store('database')
#6 C:\\xampp\\htdocs\\laravel\\lab1\\ThiPHP3\\vendor\\laravel\\framework\\src\\Illuminate\\Cache\\CacheServiceProvider.php(23): Illuminate\\Cache\\CacheManager->driver()
#7 C:\\xampp\\htdocs\\laravel\\lab1\\ThiPHP3\\vendor\\laravel\\framework\\src\\Illuminate\\Container\\Container.php(900): Illuminate\\Cache\\CacheServiceProvider->Illuminate\\Cache\\{closure}(Object(Illuminate\\Foundation\\Application), Array)
#8 C:\\xampp\\htdocs\\laravel\\lab1\\ThiPHP3\\vendor\\laravel\\framework\\src\\Illuminate\\Container\\Container.php(787): Illuminate\\Container\\Container->build(Object(Closure))
#9 C:\\xampp\\htdocs\\laravel\\lab1\\ThiPHP3\\vendor\\laravel\\framework\\src\\Illuminate\\Foundation\\Application.php(1041): Illuminate\\Container\\Container->resolve('cache.store', Array, true)
#10 C:\\xampp\\htdocs\\laravel\\lab1\\ThiPHP3\\vendor\\laravel\\framework\\src\\Illuminate\\Container\\Container.php(723): Illuminate\\Foundation\\Application->resolve('cache.store', Array)
#11 C:\\xampp\\htdocs\\laravel\\lab1\\ThiPHP3\\vendor\\laravel\\framework\\src\\Illuminate\\Foundation\\Application.php(1026): Illuminate\\Container\\Container->make('cache.store', Array)
#12 C:\\xampp\\htdocs\\laravel\\lab1\\ThiPHP3\\vendor\\laravel\\framework\\src\\Illuminate\\Container\\Container.php(1446): Illuminate\\Foundation\\Application->make('cache.store')
#13 C:\\xampp\\htdocs\\laravel\\lab1\\ThiPHP3\\vendor\\laravel\\framework\\src\\Illuminate\\Foundation\\Providers\\ArtisanServiceProvider.php(681): Illuminate\\Container\\Container->offsetGet('cache.store')
#14 C:\\xampp\\htdocs\\laravel\\lab1\\ThiPHP3\\vendor\\laravel\\framework\\src\\Illuminate\\Container\\Container.php(900): Illuminate\\Foundation\\Providers\\ArtisanServiceProvider->Illuminate\\Foundation\\Providers\\{closure}(Object(Illuminate\\Foundation\\Application), Array)
#15 C:\\xampp\\htdocs\\laravel\\lab1\\ThiPHP3\\vendor\\laravel\\framework\\src\\Illuminate\\Container\\Container.php(787): Illuminate\\Container\\Container->build(Object(Closure))
#16 C:\\xampp\\htdocs\\laravel\\lab1\\ThiPHP3\\vendor\\laravel\\framework\\src\\Illuminate\\Foundation\\Application.php(1041): Illuminate\\Container\\Container->resolve('Illuminate\\\\Queu...', Array, true)
#17 C:\\xampp\\htdocs\\laravel\\lab1\\ThiPHP3\\vendor\\laravel\\framework\\src\\Illuminate\\Container\\Container.php(734): Illuminate\\Foundation\\Application->resolve('Illuminate\\\\Queu...')
#18 C:\\xampp\\htdocs\\laravel\\lab1\\ThiPHP3\\vendor\\laravel\\framework\\src\\Illuminate\\Console\\ContainerCommandLoader.php(53): Illuminate\\Container\\Container->get('Illuminate\\\\Queu...')
#19 C:\\xampp\\htdocs\\laravel\\lab1\\ThiPHP3\\vendor\\symfony\\console\\Application.php(584): Illuminate\\Console\\ContainerCommandLoader->get('queue:restart')
#20 C:\\xampp\\htdocs\\laravel\\lab1\\ThiPHP3\\vendor\\symfony\\console\\Application.php(774): Symfony\\Component\\Console\\Application->has('queue:restart')
#21 C:\\xampp\\htdocs\\laravel\\lab1\\ThiPHP3\\vendor\\symfony\\console\\Descriptor\\ApplicationDescription.php(84): Symfony\\Component\\Console\\Application->all(NULL)
#22 C:\\xampp\\htdocs\\laravel\\lab1\\ThiPHP3\\vendor\\symfony\\console\\Descriptor\\ApplicationDescription.php(61): Symfony\\Component\\Console\\Descriptor\\ApplicationDescription->inspectApplication()
#23 C:\\xampp\\htdocs\\laravel\\lab1\\ThiPHP3\\vendor\\symfony\\console\\Descriptor\\TextDescriptor.php(185): Symfony\\Component\\Console\\Descriptor\\ApplicationDescription->getCommands()
#24 C:\\xampp\\htdocs\\laravel\\lab1\\ThiPHP3\\vendor\\symfony\\console\\Descriptor\\Descriptor.php(40): Symfony\\Component\\Console\\Descriptor\\TextDescriptor->describeApplication(Object(Illuminate\\Console\\Application), Array)
#25 C:\\xampp\\htdocs\\laravel\\lab1\\ThiPHP3\\vendor\\symfony\\console\\Helper\\DescriptorHelper.php(67): Symfony\\Component\\Console\\Descriptor\\Descriptor->describe(Object(Symfony\\Component\\Console\\Output\\ConsoleOutput), Object(Illuminate\\Console\\Application), Array)
#26 C:\\xampp\\htdocs\\laravel\\lab1\\ThiPHP3\\vendor\\symfony\\console\\Command\\ListCommand.php(63): Symfony\\Component\\Console\\Helper\\DescriptorHelper->describe(Object(Symfony\\Component\\Console\\Output\\ConsoleOutput), Object(Illuminate\\Console\\Application), Array)
#27 C:\\xampp\\htdocs\\laravel\\lab1\\ThiPHP3\\vendor\\symfony\\console\\Command\\Command.php(279): Symfony\\Component\\Console\\Command\\ListCommand->execute(Object(Symfony\\Component\\Console\\Input\\ArgvInput), Object(Symfony\\Component\\Console\\Output\\ConsoleOutput))
#28 C:\\xampp\\htdocs\\laravel\\lab1\\ThiPHP3\\vendor\\symfony\\console\\Application.php(1047): Symfony\\Component\\Console\\Command\\Command->run(Object(Symfony\\Component\\Console\\Input\\ArgvInput), Object(Symfony\\Component\\Console\\Output\\ConsoleOutput))
#29 C:\\xampp\\htdocs\\laravel\\lab1\\ThiPHP3\\vendor\\symfony\\console\\Application.php(316): Symfony\\Component\\Console\\Application->doRunCommand(Object(Symfony\\Component\\Console\\Command\\ListCommand), Object(Symfony\\Component\\Console\\Input\\ArgvInput), Object(Symfony\\Component\\Console\\Output\\ConsoleOutput))
#30 C:\\xampp\\htdocs\\laravel\\lab1\\ThiPHP3\\vendor\\symfony\\console\\Application.php(167): Symfony\\Component\\Console\\Application->doRun(Object(Symfony\\Component\\Console\\Input\\ArgvInput), Object(Symfony\\Component\\Console\\Output\\ConsoleOutput))
#31 C:\\xampp\\htdocs\\laravel\\lab1\\ThiPHP3\\vendor\\laravel\\framework\\src\\Illuminate\\Foundation\\Console\\Kernel.php(196): Symfony\\Component\\Console\\Application->run(Object(Symfony\\Component\\Console\\Input\\ArgvInput), Object(Symfony\\Component\\Console\\Output\\ConsoleOutput))
#32 Command line code(1): Illuminate\\Foundation\\Console\\Kernel->handle(Object(Symfony\\Component\\Console\\Input\\ArgvInput), Object(Symfony\\Component\\Console\\Output\\ConsoleOutput))
#33 {main}
"} 
[2024-06-14 13:54:23] local.ERROR: Database connection [sql] not configured. {"exception":"[object] (InvalidArgumentException(code: 0): Database connection [sql] not configured. at C:\\xampp\\htdocs\\laravel\\lab1\\ThiPHP3\\vendor\\laravel\\framework\\src\\Illuminate\\Database\\DatabaseManager.php:188)
[stacktrace]
#0 C:\\xampp\\htdocs\\laravel\\lab1\\ThiPHP3\\vendor\\laravel\\framework\\src\\Illuminate\\Database\\DatabaseManager.php(151): Illuminate\\Database\\DatabaseManager->configuration('sql')
#1 C:\\xampp\\htdocs\\laravel\\lab1\\ThiPHP3\\vendor\\laravel\\framework\\src\\Illuminate\\Database\\DatabaseManager.php(93): Illuminate\\Database\\DatabaseManager->makeConnection('sql')
#2 C:\\xampp\\htdocs\\laravel\\lab1\\ThiPHP3\\vendor\\laravel\\framework\\src\\Illuminate\\Cache\\CacheManager.php(214): Illuminate\\Database\\DatabaseManager->connection('sql')
#3 C:\\xampp\\htdocs\\laravel\\lab1\\ThiPHP3\\vendor\\laravel\\framework\\src\\Illuminate\\Cache\\CacheManager.php(100): Illuminate\\Cache\\CacheManager->createDatabaseDriver(Array)
#4 C:\\xampp\\htdocs\\laravel\\lab1\\ThiPHP3\\vendor\\laravel\\framework\\src\\Illuminate\\Cache\\CacheManager.php(61): Illuminate\\Cache\\CacheManager->resolve('database')
#5 C:\\xampp\\htdocs\\laravel\\lab1\\ThiPHP3\\vendor\\laravel\\framework\\src\\Illuminate\\Cache\\CacheManager.php(72): Illuminate\\Cache\\CacheManager->store('database')
#6 C:\\xampp\\htdocs\\laravel\\lab1\\ThiPHP3\\vendor\\laravel\\framework\\src\\Illuminate\\Cache\\CacheServiceProvider.php(23): Illuminate\\Cache\\CacheManager->driver()
#7 C:\\xampp\\htdocs\\laravel\\lab1\\ThiPHP3\\vendor\\laravel\\framework\\src\\Illuminate\\Container\\Container.php(900): Illuminate\\Cache\\CacheServiceProvider->Illuminate\\Cache\\{closure}(Object(Illuminate\\Foundation\\Application), Array)
#8 C:\\xampp\\htdocs\\laravel\\lab1\\ThiPHP3\\vendor\\laravel\\framework\\src\\Illuminate\\Container\\Container.php(787): Illuminate\\Container\\Container->build(Object(Closure))
#9 C:\\xampp\\htdocs\\laravel\\lab1\\ThiPHP3\\vendor\\laravel\\framework\\src\\Illuminate\\Foundation\\Application.php(1041): Illuminate\\Container\\Container->resolve('cache.store', Array, true)
#10 C:\\xampp\\htdocs\\laravel\\lab1\\ThiPHP3\\vendor\\laravel\\framework\\src\\Illuminate\\Container\\Container.php(723): Illuminate\\Foundation\\Application->resolve('cache.store', Array)
#11 C:\\xampp\\htdocs\\laravel\\lab1\\ThiPHP3\\vendor\\laravel\\framework\\src\\Illuminate\\Foundation\\Application.php(1026): Illuminate\\Container\\Container->make('cache.store', Array)
#12 C:\\xampp\\htdocs\\laravel\\lab1\\ThiPHP3\\vendor\\laravel\\framework\\src\\Illuminate\\Container\\Container.php(1446): Illuminate\\Foundation\\Application->make('cache.store')
#13 C:\\xampp\\htdocs\\laravel\\lab1\\ThiPHP3\\vendor\\laravel\\framework\\src\\Illuminate\\Foundation\\Providers\\ArtisanServiceProvider.php(681): Illuminate\\Container\\Container->offsetGet('cache.store')
#14 C:\\xampp\\htdocs\\laravel\\lab1\\ThiPHP3\\vendor\\laravel\\framework\\src\\Illuminate\\Container\\Container.php(900): Illuminate\\Foundation\\Providers\\ArtisanServiceProvider->Illuminate\\Foundation\\Providers\\{closure}(Object(Illuminate\\Foundation\\Application), Array)
#15 C:\\xampp\\htdocs\\laravel\\lab1\\ThiPHP3\\vendor\\laravel\\framework\\src\\Illuminate\\Container\\Container.php(787): Illuminate\\Container\\Container->build(Object(Closure))
#16 C:\\xampp\\htdocs\\laravel\\lab1\\ThiPHP3\\vendor\\laravel\\framework\\src\\Illuminate\\Foundation\\Application.php(1041): Illuminate\\Container\\Container->resolve('Illuminate\\\\Queu...', Array, true)
#17 C:\\xampp\\htdocs\\laravel\\lab1\\ThiPHP3\\vendor\\laravel\\framework\\src\\Illuminate\\Container\\Container.php(734): Illuminate\\Foundation\\Application->resolve('Illuminate\\\\Queu...')
#18 C:\\xampp\\htdocs\\laravel\\lab1\\ThiPHP3\\vendor\\laravel\\framework\\src\\Illuminate\\Console\\ContainerCommandLoader.php(53): Illuminate\\Container\\Container->get('Illuminate\\\\Queu...')
#19 C:\\xampp\\htdocs\\laravel\\lab1\\ThiPHP3\\vendor\\symfony\\console\\Application.php(584): Illuminate\\Console\\ContainerCommandLoader->get('queue:restart')
#20 C:\\xampp\\htdocs\\laravel\\lab1\\ThiPHP3\\vendor\\symfony\\console\\Application.php(774): Symfony\\Component\\Console\\Application->has('queue:restart')
#21 C:\\xampp\\htdocs\\laravel\\lab1\\ThiPHP3\\vendor\\symfony\\console\\Descriptor\\ApplicationDescription.php(84): Symfony\\Component\\Console\\Application->all(NULL)
#22 C:\\xampp\\htdocs\\laravel\\lab1\\ThiPHP3\\vendor\\symfony\\console\\Descriptor\\ApplicationDescription.php(61): Symfony\\Component\\Console\\Descriptor\\ApplicationDescription->inspectApplication()
#23 C:\\xampp\\htdocs\\laravel\\lab1\\ThiPHP3\\vendor\\symfony\\console\\Descriptor\\TextDescriptor.php(185): Symfony\\Component\\Console\\Descriptor\\ApplicationDescription->getCommands()
#24 C:\\xampp\\htdocs\\laravel\\lab1\\ThiPHP3\\vendor\\symfony\\console\\Descriptor\\Descriptor.php(40): Symfony\\Component\\Console\\Descriptor\\TextDescriptor->describeApplication(Object(Illuminate\\Console\\Application), Array)
#25 C:\\xampp\\htdocs\\laravel\\lab1\\ThiPHP3\\vendor\\symfony\\console\\Helper\\DescriptorHelper.php(67): Symfony\\Component\\Console\\Descriptor\\Descriptor->describe(Object(Symfony\\Component\\Console\\Output\\ConsoleOutput), Object(Illuminate\\Console\\Application), Array)
#26 C:\\xampp\\htdocs\\laravel\\lab1\\ThiPHP3\\vendor\\symfony\\console\\Command\\ListCommand.php(63): Symfony\\Component\\Console\\Helper\\DescriptorHelper->describe(Object(Symfony\\Component\\Console\\Output\\ConsoleOutput), Object(Illuminate\\Console\\Application), Array)
#27 C:\\xampp\\htdocs\\laravel\\lab1\\ThiPHP3\\vendor\\symfony\\console\\Command\\Command.php(279): Symfony\\Component\\Console\\Command\\ListCommand->execute(Object(Symfony\\Component\\Console\\Input\\ArgvInput), Object(Symfony\\Component\\Console\\Output\\ConsoleOutput))
#28 C:\\xampp\\htdocs\\laravel\\lab1\\ThiPHP3\\vendor\\symfony\\console\\Application.php(1047): Symfony\\Component\\Console\\Command\\Command->run(Object(Symfony\\Component\\Console\\Input\\ArgvInput), Object(Symfony\\Component\\Console\\Output\\ConsoleOutput))
#29 C:\\xampp\\htdocs\\laravel\\lab1\\ThiPHP3\\vendor\\symfony\\console\\Application.php(316): Symfony\\Component\\Console\\Application->doRunCommand(Object(Symfony\\Component\\Console\\Command\\ListCommand), Object(Symfony\\Component\\Console\\Input\\ArgvInput), Object(Symfony\\Component\\Console\\Output\\ConsoleOutput))
#30 C:\\xampp\\htdocs\\laravel\\lab1\\ThiPHP3\\vendor\\symfony\\console\\Application.php(167): Symfony\\Component\\Console\\Application->doRun(Object(Symfony\\Component\\Console\\Input\\ArgvInput), Object(Symfony\\Component\\Console\\Output\\ConsoleOutput))
#31 C:\\xampp\\htdocs\\laravel\\lab1\\ThiPHP3\\vendor\\laravel\\framework\\src\\Illuminate\\Foundation\\Console\\Kernel.php(196): Symfony\\Component\\Console\\Application->run(Object(Symfony\\Component\\Console\\Input\\ArgvInput), Object(Symfony\\Component\\Console\\Output\\ConsoleOutput))
#32 Command line code(1): Illuminate\\Foundation\\Console\\Kernel->handle(Object(Symfony\\Component\\Console\\Input\\ArgvInput), Object(Symfony\\Component\\Console\\Output\\ConsoleOutput))
#33 {main}
"} 
[2024-06-14 13:54:23] local.ERROR: Database connection [sql] not configured. {"exception":"[object] (InvalidArgumentException(code: 0): Database connection [sql] not configured. at C:\\xampp\\htdocs\\laravel\\lab1\\ThiPHP3\\vendor\\laravel\\framework\\src\\Illuminate\\Database\\DatabaseManager.php:188)
[stacktrace]
#0 C:\\xampp\\htdocs\\laravel\\lab1\\ThiPHP3\\vendor\\laravel\\framework\\src\\Illuminate\\Database\\DatabaseManager.php(151): Illuminate\\Database\\DatabaseManager->configuration('sql')
#1 C:\\xampp\\htdocs\\laravel\\lab1\\ThiPHP3\\vendor\\laravel\\framework\\src\\Illuminate\\Database\\DatabaseManager.php(93): Illuminate\\Database\\DatabaseManager->makeConnection('sql')
#2 C:\\xampp\\htdocs\\laravel\\lab1\\ThiPHP3\\vendor\\laravel\\framework\\src\\Illuminate\\Cache\\CacheManager.php(214): Illuminate\\Database\\DatabaseManager->connection('sql')
#3 C:\\xampp\\htdocs\\laravel\\lab1\\ThiPHP3\\vendor\\laravel\\framework\\src\\Illuminate\\Cache\\CacheManager.php(100): Illuminate\\Cache\\CacheManager->createDatabaseDriver(Array)
#4 C:\\xampp\\htdocs\\laravel\\lab1\\ThiPHP3\\vendor\\laravel\\framework\\src\\Illuminate\\Cache\\CacheManager.php(61): Illuminate\\Cache\\CacheManager->resolve('database')
#5 C:\\xampp\\htdocs\\laravel\\lab1\\ThiPHP3\\vendor\\laravel\\framework\\src\\Illuminate\\Cache\\CacheManager.php(72): Illuminate\\Cache\\CacheManager->store('database')
#6 C:\\xampp\\htdocs\\laravel\\lab1\\ThiPHP3\\vendor\\laravel\\framework\\src\\Illuminate\\Cache\\CacheServiceProvider.php(23): Illuminate\\Cache\\CacheManager->driver()
#7 C:\\xampp\\htdocs\\laravel\\lab1\\ThiPHP3\\vendor\\laravel\\framework\\src\\Illuminate\\Container\\Container.php(900): Illuminate\\Cache\\CacheServiceProvider->Illuminate\\Cache\\{closure}(Object(Illuminate\\Foundation\\Application), Array)
#8 C:\\xampp\\htdocs\\laravel\\lab1\\ThiPHP3\\vendor\\laravel\\framework\\src\\Illuminate\\Container\\Container.php(787): Illuminate\\Container\\Container->build(Object(Closure))
#9 C:\\xampp\\htdocs\\laravel\\lab1\\ThiPHP3\\vendor\\laravel\\framework\\src\\Illuminate\\Foundation\\Application.php(1041): Illuminate\\Container\\Container->resolve('cache.store', Array, true)
#10 C:\\xampp\\htdocs\\laravel\\lab1\\ThiPHP3\\vendor\\laravel\\framework\\src\\Illuminate\\Container\\Container.php(723): Illuminate\\Foundation\\Application->resolve('cache.store', Array)
#11 C:\\xampp\\htdocs\\laravel\\lab1\\ThiPHP3\\vendor\\laravel\\framework\\src\\Illuminate\\Foundation\\Application.php(1026): Illuminate\\Container\\Container->make('cache.store', Array)
#12 C:\\xampp\\htdocs\\laravel\\lab1\\ThiPHP3\\vendor\\laravel\\framework\\src\\Illuminate\\Container\\Container.php(1446): Illuminate\\Foundation\\Application->make('cache.store')
#13 C:\\xampp\\htdocs\\laravel\\lab1\\ThiPHP3\\vendor\\laravel\\framework\\src\\Illuminate\\Foundation\\Providers\\ArtisanServiceProvider.php(681): Illuminate\\Container\\Container->offsetGet('cache.store')
#14 C:\\xampp\\htdocs\\laravel\\lab1\\ThiPHP3\\vendor\\laravel\\framework\\src\\Illuminate\\Container\\Container.php(900): Illuminate\\Foundation\\Providers\\ArtisanServiceProvider->Illuminate\\Foundation\\Providers\\{closure}(Object(Illuminate\\Foundation\\Application), Array)
#15 C:\\xampp\\htdocs\\laravel\\lab1\\ThiPHP3\\vendor\\laravel\\framework\\src\\Illuminate\\Container\\Container.php(787): Illuminate\\Container\\Container->build(Object(Closure))
#16 C:\\xampp\\htdocs\\laravel\\lab1\\ThiPHP3\\vendor\\laravel\\framework\\src\\Illuminate\\Foundation\\Application.php(1041): Illuminate\\Container\\Container->resolve('Illuminate\\\\Queu...', Array, true)
#17 C:\\xampp\\htdocs\\laravel\\lab1\\ThiPHP3\\vendor\\laravel\\framework\\src\\Illuminate\\Container\\Container.php(734): Illuminate\\Foundation\\Application->resolve('Illuminate\\\\Queu...')
#18 C:\\xampp\\htdocs\\laravel\\lab1\\ThiPHP3\\vendor\\laravel\\framework\\src\\Illuminate\\Console\\ContainerCommandLoader.php(53): Illuminate\\Container\\Container->get('Illuminate\\\\Queu...')
#19 C:\\xampp\\htdocs\\laravel\\lab1\\ThiPHP3\\vendor\\symfony\\console\\Application.php(584): Illuminate\\Console\\ContainerCommandLoader->get('queue:restart')
#20 C:\\xampp\\htdocs\\laravel\\lab1\\ThiPHP3\\vendor\\symfony\\console\\Application.php(774): Symfony\\Component\\Console\\Application->has('queue:restart')
#21 C:\\xampp\\htdocs\\laravel\\lab1\\ThiPHP3\\vendor\\symfony\\console\\Descriptor\\ApplicationDescription.php(84): Symfony\\Component\\Console\\Application->all(NULL)
#22 C:\\xampp\\htdocs\\laravel\\lab1\\ThiPHP3\\vendor\\symfony\\console\\Descriptor\\ApplicationDescription.php(61): Symfony\\Component\\Console\\Descriptor\\ApplicationDescription->inspectApplication()
#23 C:\\xampp\\htdocs\\laravel\\lab1\\ThiPHP3\\vendor\\symfony\\console\\Descriptor\\TextDescriptor.php(185): Symfony\\Component\\Console\\Descriptor\\ApplicationDescription->getCommands()
#24 C:\\xampp\\htdocs\\laravel\\lab1\\ThiPHP3\\vendor\\symfony\\console\\Descriptor\\Descriptor.php(40): Symfony\\Component\\Console\\Descriptor\\TextDescriptor->describeApplication(Object(Illuminate\\Console\\Application), Array)
#25 C:\\xampp\\htdocs\\laravel\\lab1\\ThiPHP3\\vendor\\symfony\\console\\Helper\\DescriptorHelper.php(67): Symfony\\Component\\Console\\Descriptor\\Descriptor->describe(Object(Symfony\\Component\\Console\\Output\\ConsoleOutput), Object(Illuminate\\Console\\Application), Array)
#26 C:\\xampp\\htdocs\\laravel\\lab1\\ThiPHP3\\vendor\\symfony\\console\\Command\\ListCommand.php(63): Symfony\\Component\\Console\\Helper\\DescriptorHelper->describe(Object(Symfony\\Component\\Console\\Output\\ConsoleOutput), Object(Illuminate\\Console\\Application), Array)
#27 C:\\xampp\\htdocs\\laravel\\lab1\\ThiPHP3\\vendor\\symfony\\console\\Command\\Command.php(279): Symfony\\Component\\Console\\Command\\ListCommand->execute(Object(Symfony\\Component\\Console\\Input\\ArgvInput), Object(Symfony\\Component\\Console\\Output\\ConsoleOutput))
#28 C:\\xampp\\htdocs\\laravel\\lab1\\ThiPHP3\\vendor\\symfony\\console\\Application.php(1047): Symfony\\Component\\Console\\Command\\Command->run(Object(Symfony\\Component\\Console\\Input\\ArgvInput), Object(Symfony\\Component\\Console\\Output\\ConsoleOutput))
#29 C:\\xampp\\htdocs\\laravel\\lab1\\ThiPHP3\\vendor\\symfony\\console\\Application.php(316): Symfony\\Component\\Console\\Application->doRunCommand(Object(Symfony\\Component\\Console\\Command\\ListCommand), Object(Symfony\\Component\\Console\\Input\\ArgvInput), Object(Symfony\\Component\\Console\\Output\\ConsoleOutput))
#30 C:\\xampp\\htdocs\\laravel\\lab1\\ThiPHP3\\vendor\\symfony\\console\\Application.php(167): Symfony\\Component\\Console\\Application->doRun(Object(Symfony\\Component\\Console\\Input\\ArgvInput), Object(Symfony\\Component\\Console\\Output\\ConsoleOutput))
#31 C:\\xampp\\htdocs\\laravel\\lab1\\ThiPHP3\\vendor\\laravel\\framework\\src\\Illuminate\\Foundation\\Console\\Kernel.php(196): Symfony\\Component\\Console\\Application->run(Object(Symfony\\Component\\Console\\Input\\ArgvInput), Object(Symfony\\Component\\Console\\Output\\ConsoleOutput))
#32 Command line code(1): Illuminate\\Foundation\\Console\\Kernel->handle(Object(Symfony\\Component\\Console\\Input\\ArgvInput), Object(Symfony\\Component\\Console\\Output\\ConsoleOutput))
#33 {main}
"} 
[2024-06-14 13:54:24] local.ERROR: Database connection [sql] not configured. {"exception":"[object] (InvalidArgumentException(code: 0): Database connection [sql] not configured. at C:\\xampp\\htdocs\\laravel\\lab1\\ThiPHP3\\vendor\\laravel\\framework\\src\\Illuminate\\Database\\DatabaseManager.php:188)
[stacktrace]
#0 C:\\xampp\\htdocs\\laravel\\lab1\\ThiPHP3\\vendor\\laravel\\framework\\src\\Illuminate\\Database\\DatabaseManager.php(151): Illuminate\\Database\\DatabaseManager->configuration('sql')
#1 C:\\xampp\\htdocs\\laravel\\lab1\\ThiPHP3\\vendor\\laravel\\framework\\src\\Illuminate\\Database\\DatabaseManager.php(93): Illuminate\\Database\\DatabaseManager->makeConnection('sql')
#2 C:\\xampp\\htdocs\\laravel\\lab1\\ThiPHP3\\vendor\\laravel\\framework\\src\\Illuminate\\Cache\\CacheManager.php(214): Illuminate\\Database\\DatabaseManager->connection('sql')
#3 C:\\xampp\\htdocs\\laravel\\lab1\\ThiPHP3\\vendor\\laravel\\framework\\src\\Illuminate\\Cache\\CacheManager.php(100): Illuminate\\Cache\\CacheManager->createDatabaseDriver(Array)
#4 C:\\xampp\\htdocs\\laravel\\lab1\\ThiPHP3\\vendor\\laravel\\framework\\src\\Illuminate\\Cache\\CacheManager.php(61): Illuminate\\Cache\\CacheManager->resolve('database')
#5 C:\\xampp\\htdocs\\laravel\\lab1\\ThiPHP3\\vendor\\laravel\\framework\\src\\Illuminate\\Cache\\CacheManager.php(72): Illuminate\\Cache\\CacheManager->store('database')
#6 C:\\xampp\\htdocs\\laravel\\lab1\\ThiPHP3\\vendor\\laravel\\framework\\src\\Illuminate\\Cache\\CacheServiceProvider.php(23): Illuminate\\Cache\\CacheManager->driver()
#7 C:\\xampp\\htdocs\\laravel\\lab1\\ThiPHP3\\vendor\\laravel\\framework\\src\\Illuminate\\Container\\Container.php(900): Illuminate\\Cache\\CacheServiceProvider->Illuminate\\Cache\\{closure}(Object(Illuminate\\Foundation\\Application), Array)
#8 C:\\xampp\\htdocs\\laravel\\lab1\\ThiPHP3\\vendor\\laravel\\framework\\src\\Illuminate\\Container\\Container.php(787): Illuminate\\Container\\Container->build(Object(Closure))
#9 C:\\xampp\\htdocs\\laravel\\lab1\\ThiPHP3\\vendor\\laravel\\framework\\src\\Illuminate\\Foundation\\Application.php(1041): Illuminate\\Container\\Container->resolve('cache.store', Array, true)
#10 C:\\xampp\\htdocs\\laravel\\lab1\\ThiPHP3\\vendor\\laravel\\framework\\src\\Illuminate\\Container\\Container.php(723): Illuminate\\Foundation\\Application->resolve('cache.store', Array)
#11 C:\\xampp\\htdocs\\laravel\\lab1\\ThiPHP3\\vendor\\laravel\\framework\\src\\Illuminate\\Foundation\\Application.php(1026): Illuminate\\Container\\Container->make('cache.store', Array)
#12 C:\\xampp\\htdocs\\laravel\\lab1\\ThiPHP3\\vendor\\laravel\\framework\\src\\Illuminate\\Container\\Container.php(1446): Illuminate\\Foundation\\Application->make('cache.store')
#13 C:\\xampp\\htdocs\\laravel\\lab1\\ThiPHP3\\vendor\\laravel\\framework\\src\\Illuminate\\Foundation\\Providers\\ArtisanServiceProvider.php(681): Illuminate\\Container\\Container->offsetGet('cache.store')
#14 C:\\xampp\\htdocs\\laravel\\lab1\\ThiPHP3\\vendor\\laravel\\framework\\src\\Illuminate\\Container\\Container.php(900): Illuminate\\Foundation\\Providers\\ArtisanServiceProvider->Illuminate\\Foundation\\Providers\\{closure}(Object(Illuminate\\Foundation\\Application), Array)
#15 C:\\xampp\\htdocs\\laravel\\lab1\\ThiPHP3\\vendor\\laravel\\framework\\src\\Illuminate\\Container\\Container.php(787): Illuminate\\Container\\Container->build(Object(Closure))
#16 C:\\xampp\\htdocs\\laravel\\lab1\\ThiPHP3\\vendor\\laravel\\framework\\src\\Illuminate\\Foundation\\Application.php(1041): Illuminate\\Container\\Container->resolve('Illuminate\\\\Queu...', Array, true)
#17 C:\\xampp\\htdocs\\laravel\\lab1\\ThiPHP3\\vendor\\laravel\\framework\\src\\Illuminate\\Container\\Container.php(734): Illuminate\\Foundation\\Application->resolve('Illuminate\\\\Queu...')
#18 C:\\xampp\\htdocs\\laravel\\lab1\\ThiPHP3\\vendor\\laravel\\framework\\src\\Illuminate\\Console\\ContainerCommandLoader.php(53): Illuminate\\Container\\Container->get('Illuminate\\\\Queu...')
#19 C:\\xampp\\htdocs\\laravel\\lab1\\ThiPHP3\\vendor\\symfony\\console\\Application.php(584): Illuminate\\Console\\ContainerCommandLoader->get('queue:restart')
#20 C:\\xampp\\htdocs\\laravel\\lab1\\ThiPHP3\\vendor\\symfony\\console\\Application.php(774): Symfony\\Component\\Console\\Application->has('queue:restart')
#21 C:\\xampp\\htdocs\\laravel\\lab1\\ThiPHP3\\vendor\\symfony\\console\\Descriptor\\ApplicationDescription.php(84): Symfony\\Component\\Console\\Application->all(NULL)
#22 C:\\xampp\\htdocs\\laravel\\lab1\\ThiPHP3\\vendor\\symfony\\console\\Descriptor\\ApplicationDescription.php(61): Symfony\\Component\\Console\\Descriptor\\ApplicationDescription->inspectApplication()
#23 C:\\xampp\\htdocs\\laravel\\lab1\\ThiPHP3\\vendor\\symfony\\console\\Descriptor\\TextDescriptor.php(185): Symfony\\Component\\Console\\Descriptor\\ApplicationDescription->getCommands()
#24 C:\\xampp\\htdocs\\laravel\\lab1\\ThiPHP3\\vendor\\symfony\\console\\Descriptor\\Descriptor.php(40): Symfony\\Component\\Console\\Descriptor\\TextDescriptor->describeApplication(Object(Illuminate\\Console\\Application), Array)
#25 C:\\xampp\\htdocs\\laravel\\lab1\\ThiPHP3\\vendor\\symfony\\console\\Helper\\DescriptorHelper.php(67): Symfony\\Component\\Console\\Descriptor\\Descriptor->describe(Object(Symfony\\Component\\Console\\Output\\ConsoleOutput), Object(Illuminate\\Console\\Application), Array)
#26 C:\\xampp\\htdocs\\laravel\\lab1\\ThiPHP3\\vendor\\symfony\\console\\Command\\ListCommand.php(63): Symfony\\Component\\Console\\Helper\\DescriptorHelper->describe(Object(Symfony\\Component\\Console\\Output\\ConsoleOutput), Object(Illuminate\\Console\\Application), Array)
#27 C:\\xampp\\htdocs\\laravel\\lab1\\ThiPHP3\\vendor\\symfony\\console\\Command\\Command.php(279): Symfony\\Component\\Console\\Command\\ListCommand->execute(Object(Symfony\\Component\\Console\\Input\\ArgvInput), Object(Symfony\\Component\\Console\\Output\\ConsoleOutput))
#28 C:\\xampp\\htdocs\\laravel\\lab1\\ThiPHP3\\vendor\\symfony\\console\\Application.php(1047): Symfony\\Component\\Console\\Command\\Command->run(Object(Symfony\\Component\\Console\\Input\\ArgvInput), Object(Symfony\\Component\\Console\\Output\\ConsoleOutput))
#29 C:\\xampp\\htdocs\\laravel\\lab1\\ThiPHP3\\vendor\\symfony\\console\\Application.php(316): Symfony\\Component\\Console\\Application->doRunCommand(Object(Symfony\\Component\\Console\\Command\\ListCommand), Object(Symfony\\Component\\Console\\Input\\ArgvInput), Object(Symfony\\Component\\Console\\Output\\ConsoleOutput))
#30 C:\\xampp\\htdocs\\laravel\\lab1\\ThiPHP3\\vendor\\symfony\\console\\Application.php(167): Symfony\\Component\\Console\\Application->doRun(Object(Symfony\\Component\\Console\\Input\\ArgvInput), Object(Symfony\\Component\\Console\\Output\\ConsoleOutput))
#31 C:\\xampp\\htdocs\\laravel\\lab1\\ThiPHP3\\vendor\\laravel\\framework\\src\\Illuminate\\Foundation\\Console\\Kernel.php(196): Symfony\\Component\\Console\\Application->run(Object(Symfony\\Component\\Console\\Input\\ArgvInput), Object(Symfony\\Component\\Console\\Output\\ConsoleOutput))
#32 Command line code(1): Illuminate\\Foundation\\Console\\Kernel->handle(Object(Symfony\\Component\\Console\\Input\\ArgvInput), Object(Symfony\\Component\\Console\\Output\\ConsoleOutput))
#33 {main}
"} 
[2024-06-14 13:54:25] local.ERROR: Database connection [sql] not configured. {"exception":"[object] (InvalidArgumentException(code: 0): Database connection [sql] not configured. at C:\\xampp\\htdocs\\laravel\\lab1\\ThiPHP3\\vendor\\laravel\\framework\\src\\Illuminate\\Database\\DatabaseManager.php:188)
[stacktrace]
#0 C:\\xampp\\htdocs\\laravel\\lab1\\ThiPHP3\\vendor\\laravel\\framework\\src\\Illuminate\\Database\\DatabaseManager.php(151): Illuminate\\Database\\DatabaseManager->configuration('sql')
#1 C:\\xampp\\htdocs\\laravel\\lab1\\ThiPHP3\\vendor\\laravel\\framework\\src\\Illuminate\\Database\\DatabaseManager.php(93): Illuminate\\Database\\DatabaseManager->makeConnection('sql')
#2 C:\\xampp\\htdocs\\laravel\\lab1\\ThiPHP3\\vendor\\laravel\\framework\\src\\Illuminate\\Cache\\CacheManager.php(214): Illuminate\\Database\\DatabaseManager->connection('sql')
#3 C:\\xampp\\htdocs\\laravel\\lab1\\ThiPHP3\\vendor\\laravel\\framework\\src\\Illuminate\\Cache\\CacheManager.php(100): Illuminate\\Cache\\CacheManager->createDatabaseDriver(Array)
#4 C:\\xampp\\htdocs\\laravel\\lab1\\ThiPHP3\\vendor\\laravel\\framework\\src\\Illuminate\\Cache\\CacheManager.php(61): Illuminate\\Cache\\CacheManager->resolve('database')
#5 C:\\xampp\\htdocs\\laravel\\lab1\\ThiPHP3\\vendor\\laravel\\framework\\src\\Illuminate\\Cache\\CacheManager.php(72): Illuminate\\Cache\\CacheManager->store('database')
#6 C:\\xampp\\htdocs\\laravel\\lab1\\ThiPHP3\\vendor\\laravel\\framework\\src\\Illuminate\\Cache\\CacheServiceProvider.php(23): Illuminate\\Cache\\CacheManager->driver()
#7 C:\\xampp\\htdocs\\laravel\\lab1\\ThiPHP3\\vendor\\laravel\\framework\\src\\Illuminate\\Container\\Container.php(900): Illuminate\\Cache\\CacheServiceProvider->Illuminate\\Cache\\{closure}(Object(Illuminate\\Foundation\\Application), Array)
#8 C:\\xampp\\htdocs\\laravel\\lab1\\ThiPHP3\\vendor\\laravel\\framework\\src\\Illuminate\\Container\\Container.php(787): Illuminate\\Container\\Container->build(Object(Closure))
#9 C:\\xampp\\htdocs\\laravel\\lab1\\ThiPHP3\\vendor\\laravel\\framework\\src\\Illuminate\\Foundation\\Application.php(1041): Illuminate\\Container\\Container->resolve('cache.store', Array, true)
#10 C:\\xampp\\htdocs\\laravel\\lab1\\ThiPHP3\\vendor\\laravel\\framework\\src\\Illuminate\\Container\\Container.php(723): Illuminate\\Foundation\\Application->resolve('cache.store', Array)
#11 C:\\xampp\\htdocs\\laravel\\lab1\\ThiPHP3\\vendor\\laravel\\framework\\src\\Illuminate\\Foundation\\Application.php(1026): Illuminate\\Container\\Container->make('cache.store', Array)
#12 C:\\xampp\\htdocs\\laravel\\lab1\\ThiPHP3\\vendor\\laravel\\framework\\src\\Illuminate\\Container\\Container.php(1446): Illuminate\\Foundation\\Application->make('cache.store')
#13 C:\\xampp\\htdocs\\laravel\\lab1\\ThiPHP3\\vendor\\laravel\\framework\\src\\Illuminate\\Foundation\\Providers\\ArtisanServiceProvider.php(681): Illuminate\\Container\\Container->offsetGet('cache.store')
#14 C:\\xampp\\htdocs\\laravel\\lab1\\ThiPHP3\\vendor\\laravel\\framework\\src\\Illuminate\\Container\\Container.php(900): Illuminate\\Foundation\\Providers\\ArtisanServiceProvider->Illuminate\\Foundation\\Providers\\{closure}(Object(Illuminate\\Foundation\\Application), Array)
#15 C:\\xampp\\htdocs\\laravel\\lab1\\ThiPHP3\\vendor\\laravel\\framework\\src\\Illuminate\\Container\\Container.php(787): Illuminate\\Container\\Container->build(Object(Closure))
#16 C:\\xampp\\htdocs\\laravel\\lab1\\ThiPHP3\\vendor\\laravel\\framework\\src\\Illuminate\\Foundation\\Application.php(1041): Illuminate\\Container\\Container->resolve('Illuminate\\\\Queu...', Array, true)
#17 C:\\xampp\\htdocs\\laravel\\lab1\\ThiPHP3\\vendor\\laravel\\framework\\src\\Illuminate\\Container\\Container.php(734): Illuminate\\Foundation\\Application->resolve('Illuminate\\\\Queu...')
#18 C:\\xampp\\htdocs\\laravel\\lab1\\ThiPHP3\\vendor\\laravel\\framework\\src\\Illuminate\\Console\\ContainerCommandLoader.php(53): Illuminate\\Container\\Container->get('Illuminate\\\\Queu...')
#19 C:\\xampp\\htdocs\\laravel\\lab1\\ThiPHP3\\vendor\\symfony\\console\\Application.php(584): Illuminate\\Console\\ContainerCommandLoader->get('queue:restart')
#20 C:\\xampp\\htdocs\\laravel\\lab1\\ThiPHP3\\vendor\\symfony\\console\\Application.php(774): Symfony\\Component\\Console\\Application->has('queue:restart')
#21 C:\\xampp\\htdocs\\laravel\\lab1\\ThiPHP3\\vendor\\symfony\\console\\Descriptor\\ApplicationDescription.php(84): Symfony\\Component\\Console\\Application->all(NULL)
#22 C:\\xampp\\htdocs\\laravel\\lab1\\ThiPHP3\\vendor\\symfony\\console\\Descriptor\\ApplicationDescription.php(61): Symfony\\Component\\Console\\Descriptor\\ApplicationDescription->inspectApplication()
#23 C:\\xampp\\htdocs\\laravel\\lab1\\ThiPHP3\\vendor\\symfony\\console\\Descriptor\\TextDescriptor.php(185): Symfony\\Component\\Console\\Descriptor\\ApplicationDescription->getCommands()
#24 C:\\xampp\\htdocs\\laravel\\lab1\\ThiPHP3\\vendor\\symfony\\console\\Descriptor\\Descriptor.php(40): Symfony\\Component\\Console\\Descriptor\\TextDescriptor->describeApplication(Object(Illuminate\\Console\\Application), Array)
#25 C:\\xampp\\htdocs\\laravel\\lab1\\ThiPHP3\\vendor\\symfony\\console\\Helper\\DescriptorHelper.php(67): Symfony\\Component\\Console\\Descriptor\\Descriptor->describe(Object(Symfony\\Component\\Console\\Output\\ConsoleOutput), Object(Illuminate\\Console\\Application), Array)
#26 C:\\xampp\\htdocs\\laravel\\lab1\\ThiPHP3\\vendor\\symfony\\console\\Command\\ListCommand.php(63): Symfony\\Component\\Console\\Helper\\DescriptorHelper->describe(Object(Symfony\\Component\\Console\\Output\\ConsoleOutput), Object(Illuminate\\Console\\Application), Array)
#27 C:\\xampp\\htdocs\\laravel\\lab1\\ThiPHP3\\vendor\\symfony\\console\\Command\\Command.php(279): Symfony\\Component\\Console\\Command\\ListCommand->execute(Object(Symfony\\Component\\Console\\Input\\ArgvInput), Object(Symfony\\Component\\Console\\Output\\ConsoleOutput))
#28 C:\\xampp\\htdocs\\laravel\\lab1\\ThiPHP3\\vendor\\symfony\\console\\Application.php(1047): Symfony\\Component\\Console\\Command\\Command->run(Object(Symfony\\Component\\Console\\Input\\ArgvInput), Object(Symfony\\Component\\Console\\Output\\ConsoleOutput))
#29 C:\\xampp\\htdocs\\laravel\\lab1\\ThiPHP3\\vendor\\symfony\\console\\Application.php(316): Symfony\\Component\\Console\\Application->doRunCommand(Object(Symfony\\Component\\Console\\Command\\ListCommand), Object(Symfony\\Component\\Console\\Input\\ArgvInput), Object(Symfony\\Component\\Console\\Output\\ConsoleOutput))
#30 C:\\xampp\\htdocs\\laravel\\lab1\\ThiPHP3\\vendor\\symfony\\console\\Application.php(167): Symfony\\Component\\Console\\Application->doRun(Object(Symfony\\Component\\Console\\Input\\ArgvInput), Object(Symfony\\Component\\Console\\Output\\ConsoleOutput))
#31 C:\\xampp\\htdocs\\laravel\\lab1\\ThiPHP3\\vendor\\laravel\\framework\\src\\Illuminate\\Foundation\\Console\\Kernel.php(196): Symfony\\Component\\Console\\Application->run(Object(Symfony\\Component\\Console\\Input\\ArgvInput), Object(Symfony\\Component\\Console\\Output\\ConsoleOutput))
#32 Command line code(1): Illuminate\\Foundation\\Console\\Kernel->handle(Object(Symfony\\Component\\Console\\Input\\ArgvInput), Object(Symfony\\Component\\Console\\Output\\ConsoleOutput))
#33 {main}
"} 
[2024-06-14 13:54:36] local.ERROR: SQLSTATE[HY000] [2002] No connection could be made because the target machine actively refused it (Connection: mysql, SQL: select table_name as `name`, (data_length + index_length) as `size`, table_comment as `comment`, engine as `engine`, table_collation as `collation` from information_schema.tables where table_schema = 'thiphp3' and table_type in ('BASE TABLE', 'SYSTEM VERSIONED') order by table_name) {"exception":"[object] (Illuminate\\Database\\QueryException(code: 2002): SQLSTATE[HY000] [2002] No connection could be made because the target machine actively refused it (Connection: mysql, SQL: select table_name as `name`, (data_length + index_length) as `size`, table_comment as `comment`, engine as `engine`, table_collation as `collation` from information_schema.tables where table_schema = 'thiphp3' and table_type in ('BASE TABLE', 'SYSTEM VERSIONED') order by table_name) at C:\\xampp\\htdocs\\laravel\\lab1\\ThiPHP3\\vendor\\laravel\\framework\\src\\Illuminate\\Database\\Connection.php:813)
[stacktrace]
#0 C:\\xampp\\htdocs\\laravel\\lab1\\ThiPHP3\\vendor\\laravel\\framework\\src\\Illuminate\\Database\\Connection.php(967): Illuminate\\Database\\Connection->runQueryCallback('select table_na...', Array, Object(Closure))
#1 C:\\xampp\\htdocs\\laravel\\lab1\\ThiPHP3\\vendor\\laravel\\framework\\src\\Illuminate\\Database\\Connection.php(946): Illuminate\\Database\\Connection->tryAgainIfCausedByLostConnection(Object(Illuminate\\Database\\QueryException), 'select table_na...', Array, Object(Closure))
#2 C:\\xampp\\htdocs\\laravel\\lab1\\ThiPHP3\\vendor\\laravel\\framework\\src\\Illuminate\\Database\\Connection.php(769): Illuminate\\Database\\Connection->handleQueryException(Object(Illuminate\\Database\\QueryException), 'select table_na...', Array, Object(Closure))
#3 C:\\xampp\\htdocs\\laravel\\lab1\\ThiPHP3\\vendor\\laravel\\framework\\src\\Illuminate\\Database\\Connection.php(398): Illuminate\\Database\\Connection->run('select table_na...', Array, Object(Closure))
#4 C:\\xampp\\htdocs\\laravel\\lab1\\ThiPHP3\\vendor\\laravel\\framework\\src\\Illuminate\\Database\\Connection.php(385): Illuminate\\Database\\Connection->select('select table_na...', Array, false)
#5 C:\\xampp\\htdocs\\laravel\\lab1\\ThiPHP3\\vendor\\laravel\\framework\\src\\Illuminate\\Database\\Schema\\MySqlBuilder.php(41): Illuminate\\Database\\Connection->selectFromWriteConnection('select table_na...')
#6 C:\\xampp\\htdocs\\laravel\\lab1\\ThiPHP3\\vendor\\laravel\\framework\\src\\Illuminate\\Database\\Schema\\Builder.php(147): Illuminate\\Database\\Schema\\MySqlBuilder->getTables(false)
#7 C:\\xampp\\htdocs\\laravel\\lab1\\ThiPHP3\\vendor\\laravel\\framework\\src\\Illuminate\\Database\\Migrations\\DatabaseMigrationRepository.php(184): Illuminate\\Database\\Schema\\Builder->hasTable('migrations')
#8 C:\\xampp\\htdocs\\laravel\\lab1\\ThiPHP3\\vendor\\laravel\\framework\\src\\Illuminate\\Database\\Migrations\\Migrator.php(683): Illuminate\\Database\\Migrations\\DatabaseMigrationRepository->repositoryExists()
#9 C:\\xampp\\htdocs\\laravel\\lab1\\ThiPHP3\\vendor\\laravel\\framework\\src\\Illuminate\\Database\\Console\\Migrations\\MigrateCommand.php(164): Illuminate\\Database\\Migrations\\Migrator->repositoryExists()
#10 C:\\xampp\\htdocs\\laravel\\lab1\\ThiPHP3\\vendor\\laravel\\framework\\src\\Illuminate\\Support\\helpers.php(304): Illuminate\\Database\\Console\\Migrations\\MigrateCommand->Illuminate\\Database\\Console\\Migrations\\{closure}(1)
#11 C:\\xampp\\htdocs\\laravel\\lab1\\ThiPHP3\\vendor\\laravel\\framework\\src\\Illuminate\\Database\\Console\\Migrations\\MigrateCommand.php(164): retry(1, Object(Closure), 0, Object(Closure))
#12 C:\\xampp\\htdocs\\laravel\\lab1\\ThiPHP3\\vendor\\laravel\\framework\\src\\Illuminate\\Database\\Console\\Migrations\\MigrateCommand.php(140): Illuminate\\Database\\Console\\Migrations\\MigrateCommand->repositoryExists()
#13 C:\\xampp\\htdocs\\laravel\\lab1\\ThiPHP3\\vendor\\laravel\\framework\\src\\Illuminate\\Database\\Console\\Migrations\\MigrateCommand.php(110): Illuminate\\Database\\Console\\Migrations\\MigrateCommand->prepareDatabase()
#14 C:\\xampp\\htdocs\\laravel\\lab1\\ThiPHP3\\vendor\\laravel\\framework\\src\\Illuminate\\Database\\Migrations\\Migrator.php(616): Illuminate\\Database\\Console\\Migrations\\MigrateCommand->Illuminate\\Database\\Console\\Migrations\\{closure}()
#15 C:\\xampp\\htdocs\\laravel\\lab1\\ThiPHP3\\vendor\\laravel\\framework\\src\\Illuminate\\Database\\Console\\Migrations\\MigrateCommand.php(109): Illuminate\\Database\\Migrations\\Migrator->usingConnection(NULL, Object(Closure))
#16 C:\\xampp\\htdocs\\laravel\\lab1\\ThiPHP3\\vendor\\laravel\\framework\\src\\Illuminate\\Database\\Console\\Migrations\\MigrateCommand.php(88): Illuminate\\Database\\Console\\Migrations\\MigrateCommand->runMigrations()
#17 C:\\xampp\\htdocs\\laravel\\lab1\\ThiPHP3\\vendor\\laravel\\framework\\src\\Illuminate\\Container\\BoundMethod.php(36): Illuminate\\Database\\Console\\Migrations\\MigrateCommand->handle()
#18 C:\\xampp\\htdocs\\laravel\\lab1\\ThiPHP3\\vendor\\laravel\\framework\\src\\Illuminate\\Container\\Util.php(41): Illuminate\\Container\\BoundMethod::Illuminate\\Container\\{closure}()
#19 C:\\xampp\\htdocs\\laravel\\lab1\\ThiPHP3\\vendor\\laravel\\framework\\src\\Illuminate\\Container\\BoundMethod.php(93): Illuminate\\Container\\Util::unwrapIfClosure(Object(Closure))
#20 C:\\xampp\\htdocs\\laravel\\lab1\\ThiPHP3\\vendor\\laravel\\framework\\src\\Illuminate\\Container\\BoundMethod.php(35): Illuminate\\Container\\BoundMethod::callBoundMethod(Object(Illuminate\\Foundation\\Application), Array, Object(Closure))
#21 C:\\xampp\\htdocs\\laravel\\lab1\\ThiPHP3\\vendor\\laravel\\framework\\src\\Illuminate\\Container\\Container.php(662): Illuminate\\Container\\BoundMethod::call(Object(Illuminate\\Foundation\\Application), Array, Array, NULL)
#22 C:\\xampp\\htdocs\\laravel\\lab1\\ThiPHP3\\vendor\\laravel\\framework\\src\\Illuminate\\Console\\Command.php(213): Illuminate\\Container\\Container->call(Array)
#23 C:\\xampp\\htdocs\\laravel\\lab1\\ThiPHP3\\vendor\\symfony\\console\\Command\\Command.php(279): Illuminate\\Console\\Command->execute(Object(Symfony\\Component\\Console\\Input\\ArgvInput), Object(Illuminate\\Console\\OutputStyle))
#24 C:\\xampp\\htdocs\\laravel\\lab1\\ThiPHP3\\vendor\\laravel\\framework\\src\\Illuminate\\Console\\Command.php(182): Symfony\\Component\\Console\\Command\\Command->run(Object(Symfony\\Component\\Console\\Input\\ArgvInput), Object(Illuminate\\Console\\OutputStyle))
#25 C:\\xampp\\htdocs\\laravel\\lab1\\ThiPHP3\\vendor\\symfony\\console\\Application.php(1047): Illuminate\\Console\\Command->run(Object(Symfony\\Component\\Console\\Input\\ArgvInput), Object(Symfony\\Component\\Console\\Output\\ConsoleOutput))
#26 C:\\xampp\\htdocs\\laravel\\lab1\\ThiPHP3\\vendor\\symfony\\console\\Application.php(316): Symfony\\Component\\Console\\Application->doRunCommand(Object(Illuminate\\Database\\Console\\Migrations\\MigrateCommand), Object(Symfony\\Component\\Console\\Input\\ArgvInput), Object(Symfony\\Component\\Console\\Output\\ConsoleOutput))
#27 C:\\xampp\\htdocs\\laravel\\lab1\\ThiPHP3\\vendor\\symfony\\console\\Application.php(167): Symfony\\Component\\Console\\Application->doRun(Object(Symfony\\Component\\Console\\Input\\ArgvInput), Object(Symfony\\Component\\Console\\Output\\ConsoleOutput))
#28 C:\\xampp\\htdocs\\laravel\\lab1\\ThiPHP3\\vendor\\laravel\\framework\\src\\Illuminate\\Foundation\\Console\\Kernel.php(196): Symfony\\Component\\Console\\Application->run(Object(Symfony\\Component\\Console\\Input\\ArgvInput), Object(Symfony\\Component\\Console\\Output\\ConsoleOutput))
#29 C:\\xampp\\htdocs\\laravel\\lab1\\ThiPHP3\\vendor\\laravel\\framework\\src\\Illuminate\\Foundation\\Application.php(1198): Illuminate\\Foundation\\Console\\Kernel->handle(Object(Symfony\\Component\\Console\\Input\\ArgvInput), Object(Symfony\\Component\\Console\\Output\\ConsoleOutput))
#30 C:\\xampp\\htdocs\\laravel\\lab1\\ThiPHP3\\artisan(13): Illuminate\\Foundation\\Application->handleCommand(Object(Symfony\\Component\\Console\\Input\\ArgvInput))
#31 {main}

[previous exception] [object] (PDOException(code: 2002): SQLSTATE[HY000] [2002] No connection could be made because the target machine actively refused it at C:\\xampp\\htdocs\\laravel\\lab1\\ThiPHP3\\vendor\\laravel\\framework\\src\\Illuminate\\Database\\Connectors\\Connector.php:65)
[stacktrace]
#0 C:\\xampp\\htdocs\\laravel\\lab1\\ThiPHP3\\vendor\\laravel\\framework\\src\\Illuminate\\Database\\Connectors\\Connector.php(65): PDO->__construct('mysql:host=127....', 'root', Object(SensitiveParameterValue), Array)
#1 C:\\xampp\\htdocs\\laravel\\lab1\\ThiPHP3\\vendor\\laravel\\framework\\src\\Illuminate\\Database\\Connectors\\Connector.php(83): Illuminate\\Database\\Connectors\\Connector->createPdoConnection('mysql:host=127....', 'root', '', Array)
#2 C:\\xampp\\htdocs\\laravel\\lab1\\ThiPHP3\\vendor\\laravel\\framework\\src\\Illuminate\\Database\\Connectors\\Connector.php(48): Illuminate\\Database\\Connectors\\Connector->tryAgainIfCausedByLostConnection(Object(PDOException), 'mysql:host=127....', 'root', '', Array)
#3 C:\\xampp\\htdocs\\laravel\\lab1\\ThiPHP3\\vendor\\laravel\\framework\\src\\Illuminate\\Database\\Connectors\\MySqlConnector.php(24): Illuminate\\Database\\Connectors\\Connector->createConnection('mysql:host=127....', Array, Array)
#4 C:\\xampp\\htdocs\\laravel\\lab1\\ThiPHP3\\vendor\\laravel\\framework\\src\\Illuminate\\Database\\Connectors\\ConnectionFactory.php(185): Illuminate\\Database\\Connectors\\MySqlConnector->connect(Array)
#5 [internal function]: Illuminate\\Database\\Connectors\\ConnectionFactory->Illuminate\\Database\\Connectors\\{closure}()
#6 C:\\xampp\\htdocs\\laravel\\lab1\\ThiPHP3\\vendor\\laravel\\framework\\src\\Illuminate\\Database\\Connection.php(1219): call_user_func(Object(Closure))
#7 C:\\xampp\\htdocs\\laravel\\lab1\\ThiPHP3\\vendor\\laravel\\framework\\src\\Illuminate\\Database\\Connection.php(512): Illuminate\\Database\\Connection->getPdo()
#8 C:\\xampp\\htdocs\\laravel\\lab1\\ThiPHP3\\vendor\\laravel\\framework\\src\\Illuminate\\Database\\Connection.php(407): Illuminate\\Database\\Connection->getPdoForSelect(false)
#9 C:\\xampp\\htdocs\\laravel\\lab1\\ThiPHP3\\vendor\\laravel\\framework\\src\\Illuminate\\Database\\Connection.php(800): Illuminate\\Database\\Connection->Illuminate\\Database\\{closure}('select table_na...', Array)
#10 C:\\xampp\\htdocs\\laravel\\lab1\\ThiPHP3\\vendor\\laravel\\framework\\src\\Illuminate\\Database\\Connection.php(967): Illuminate\\Database\\Connection->runQueryCallback('select table_na...', Array, Object(Closure))
#11 C:\\xampp\\htdocs\\laravel\\lab1\\ThiPHP3\\vendor\\laravel\\framework\\src\\Illuminate\\Database\\Connection.php(946): Illuminate\\Database\\Connection->tryAgainIfCausedByLostConnection(Object(Illuminate\\Database\\QueryException), 'select table_na...', Array, Object(Closure))
#12 C:\\xampp\\htdocs\\laravel\\lab1\\ThiPHP3\\vendor\\laravel\\framework\\src\\Illuminate\\Database\\Connection.php(769): Illuminate\\Database\\Connection->handleQueryException(Object(Illuminate\\Database\\QueryException), 'select table_na...', Array, Object(Closure))
#13 C:\\xampp\\htdocs\\laravel\\lab1\\ThiPHP3\\vendor\\laravel\\framework\\src\\Illuminate\\Database\\Connection.php(398): Illuminate\\Database\\Connection->run('select table_na...', Array, Object(Closure))
#14 C:\\xampp\\htdocs\\laravel\\lab1\\ThiPHP3\\vendor\\laravel\\framework\\src\\Illuminate\\Database\\Connection.php(385): Illuminate\\Database\\Connection->select('select table_na...', Array, false)
#15 C:\\xampp\\htdocs\\laravel\\lab1\\ThiPHP3\\vendor\\laravel\\framework\\src\\Illuminate\\Database\\Schema\\MySqlBuilder.php(41): Illuminate\\Database\\Connection->selectFromWriteConnection('select table_na...')
#16 C:\\xampp\\htdocs\\laravel\\lab1\\ThiPHP3\\vendor\\laravel\\framework\\src\\Illuminate\\Database\\Schema\\Builder.php(147): Illuminate\\Database\\Schema\\MySqlBuilder->getTables(false)
#17 C:\\xampp\\htdocs\\laravel\\lab1\\ThiPHP3\\vendor\\laravel\\framework\\src\\Illuminate\\Database\\Migrations\\DatabaseMigrationRepository.php(184): Illuminate\\Database\\Schema\\Builder->hasTable('migrations')
#18 C:\\xampp\\htdocs\\laravel\\lab1\\ThiPHP3\\vendor\\laravel\\framework\\src\\Illuminate\\Database\\Migrations\\Migrator.php(683): Illuminate\\Database\\Migrations\\DatabaseMigrationRepository->repositoryExists()
#19 C:\\xampp\\htdocs\\laravel\\lab1\\ThiPHP3\\vendor\\laravel\\framework\\src\\Illuminate\\Database\\Console\\Migrations\\MigrateCommand.php(164): Illuminate\\Database\\Migrations\\Migrator->repositoryExists()
#20 C:\\xampp\\htdocs\\laravel\\lab1\\ThiPHP3\\vendor\\laravel\\framework\\src\\Illuminate\\Support\\helpers.php(304): Illuminate\\Database\\Console\\Migrations\\MigrateCommand->Illuminate\\Database\\Console\\Migrations\\{closure}(1)
#21 C:\\xampp\\htdocs\\laravel\\lab1\\ThiPHP3\\vendor\\laravel\\framework\\src\\Illuminate\\Database\\Console\\Migrations\\MigrateCommand.php(164): retry(1, Object(Closure), 0, Object(Closure))
#22 C:\\xampp\\htdocs\\laravel\\lab1\\ThiPHP3\\vendor\\laravel\\framework\\src\\Illuminate\\Database\\Console\\Migrations\\MigrateCommand.php(140): Illuminate\\Database\\Console\\Migrations\\MigrateCommand->repositoryExists()
#23 C:\\xampp\\htdocs\\laravel\\lab1\\ThiPHP3\\vendor\\laravel\\framework\\src\\Illuminate\\Database\\Console\\Migrations\\MigrateCommand.php(110): Illuminate\\Database\\Console\\Migrations\\MigrateCommand->prepareDatabase()
#24 C:\\xampp\\htdocs\\laravel\\lab1\\ThiPHP3\\vendor\\laravel\\framework\\src\\Illuminate\\Database\\Migrations\\Migrator.php(616): Illuminate\\Database\\Console\\Migrations\\MigrateCommand->Illuminate\\Database\\Console\\Migrations\\{closure}()
#25 C:\\xampp\\htdocs\\laravel\\lab1\\ThiPHP3\\vendor\\laravel\\framework\\src\\Illuminate\\Database\\Console\\Migrations\\MigrateCommand.php(109): Illuminate\\Database\\Migrations\\Migrator->usingConnection(NULL, Object(Closure))
#26 C:\\xampp\\htdocs\\laravel\\lab1\\ThiPHP3\\vendor\\laravel\\framework\\src\\Illuminate\\Database\\Console\\Migrations\\MigrateCommand.php(88): Illuminate\\Database\\Console\\Migrations\\MigrateCommand->runMigrations()
#27 C:\\xampp\\htdocs\\laravel\\lab1\\ThiPHP3\\vendor\\laravel\\framework\\src\\Illuminate\\Container\\BoundMethod.php(36): Illuminate\\Database\\Console\\Migrations\\MigrateCommand->handle()
#28 C:\\xampp\\htdocs\\laravel\\lab1\\ThiPHP3\\vendor\\laravel\\framework\\src\\Illuminate\\Container\\Util.php(41): Illuminate\\Container\\BoundMethod::Illuminate\\Container\\{closure}()
#29 C:\\xampp\\htdocs\\laravel\\lab1\\ThiPHP3\\vendor\\laravel\\framework\\src\\Illuminate\\Container\\BoundMethod.php(93): Illuminate\\Container\\Util::unwrapIfClosure(Object(Closure))
#30 C:\\xampp\\htdocs\\laravel\\lab1\\ThiPHP3\\vendor\\laravel\\framework\\src\\Illuminate\\Container\\BoundMethod.php(35): Illuminate\\Container\\BoundMethod::callBoundMethod(Object(Illuminate\\Foundation\\Application), Array, Object(Closure))
#31 C:\\xampp\\htdocs\\laravel\\lab1\\ThiPHP3\\vendor\\laravel\\framework\\src\\Illuminate\\Container\\Container.php(662): Illuminate\\Container\\BoundMethod::call(Object(Illuminate\\Foundation\\Application), Array, Array, NULL)
#32 C:\\xampp\\htdocs\\laravel\\lab1\\ThiPHP3\\vendor\\laravel\\framework\\src\\Illuminate\\Console\\Command.php(213): Illuminate\\Container\\Container->call(Array)
#33 C:\\xampp\\htdocs\\laravel\\lab1\\ThiPHP3\\vendor\\symfony\\console\\Command\\Command.php(279): Illuminate\\Console\\Command->execute(Object(Symfony\\Component\\Console\\Input\\ArgvInput), Object(Illuminate\\Console\\OutputStyle))
#34 C:\\xampp\\htdocs\\laravel\\lab1\\ThiPHP3\\vendor\\laravel\\framework\\src\\Illuminate\\Console\\Command.php(182): Symfony\\Component\\Console\\Command\\Command->run(Object(Symfony\\Component\\Console\\Input\\ArgvInput), Object(Illuminate\\Console\\OutputStyle))
#35 C:\\xampp\\htdocs\\laravel\\lab1\\ThiPHP3\\vendor\\symfony\\console\\Application.php(1047): Illuminate\\Console\\Command->run(Object(Symfony\\Component\\Console\\Input\\ArgvInput), Object(Symfony\\Component\\Console\\Output\\ConsoleOutput))
#36 C:\\xampp\\htdocs\\laravel\\lab1\\ThiPHP3\\vendor\\symfony\\console\\Application.php(316): Symfony\\Component\\Console\\Application->doRunCommand(Object(Illuminate\\Database\\Console\\Migrations\\MigrateCommand), Object(Symfony\\Component\\Console\\Input\\ArgvInput), Object(Symfony\\Component\\Console\\Output\\ConsoleOutput))
#37 C:\\xampp\\htdocs\\laravel\\lab1\\ThiPHP3\\vendor\\symfony\\console\\Application.php(167): Symfony\\Component\\Console\\Application->doRun(Object(Symfony\\Component\\Console\\Input\\ArgvInput), Object(Symfony\\Component\\Console\\Output\\ConsoleOutput))
#38 C:\\xampp\\htdocs\\laravel\\lab1\\ThiPHP3\\vendor\\laravel\\framework\\src\\Illuminate\\Foundation\\Console\\Kernel.php(196): Symfony\\Component\\Console\\Application->run(Object(Symfony\\Component\\Console\\Input\\ArgvInput), Object(Symfony\\Component\\Console\\Output\\ConsoleOutput))
#39 C:\\xampp\\htdocs\\laravel\\lab1\\ThiPHP3\\vendor\\laravel\\framework\\src\\Illuminate\\Foundation\\Application.php(1198): Illuminate\\Foundation\\Console\\Kernel->handle(Object(Symfony\\Component\\Console\\Input\\ArgvInput), Object(Symfony\\Component\\Console\\Output\\ConsoleOutput))
#40 C:\\xampp\\htdocs\\laravel\\lab1\\ThiPHP3\\artisan(13): Illuminate\\Foundation\\Application->handleCommand(Object(Symfony\\Component\\Console\\Input\\ArgvInput))
#41 {main}
"} 
